2019-04-18 18:03:13 -  - exec CUpdateClientPartner::__CollectRequestData
2019-04-18 18:03:13 -  - exec CUpdateClientPartner::GetHTTPPage
2019-04-18 18:03:14 -  - exec CUpdateClientPartner::ParseServerData
2019-04-18 18:03:14 -  - exec CUpdateClientPartner::GetUpdatesList
2019-04-18 18:03:14 -  - exec CUpdateClientPartner::__CollectRequestData
2019-04-18 18:03:14 -  - utf=N&lang=ru&stable=Y&CANGZIP=Y&SUPD_DBS=MYSQL&XE=N&CLIENT_SITE=ci14500-bitrix.tw1.ru&LICENSE_KEY=X&SUPD_STS=1&SUPD_URS=0&SUPD_URSA=1&TYPENC=D&CLIENT_PHPVER=7.1.26&NGINX=Y&dbv=5.6.39&instm=main%2C18.1.5%2CY%3Bseo%2C18.5.0%2CN%3Bbitrix.eshop%2C18.0.0%2CN%3Bclouds%2C18.0.0%2CN%3Bhighloadblock%2C18.5.0%2CN%3Bsale%2C18.5.6%2CN%3Bcompression%2C16.0.0%2CN%3Bvote%2C17.5.1%2CN%3Btranslate%2C16.5.0%2CN%3Bconversion%2C17.5.0%2CN%3Bblog%2C18.1.0%2CN%3Bsearch%2C18.5.0%2CN%3Biblock%2C18.5.4%2CN%3Bbitrixcloud%2C18.5.0%2CN%3Bmessageservice%2C18.0.0%2CN%3Bphotogallery%2C18.0.0%2CN%3Bpull%2C17.5.5%2CN%3Bscale%2C17.5.0%2CN%3Bui%2C18.0.3%2CN%3Bsecurity%2C18.5.0%2CN%3Bforum%2C18.0.3%2CN%3Beshopapp%2C16.5.0%2CN%3Bmobileapp%2C18.0.2%2CN%3Bsubscribe%2C18.5.0%2CN%3Bstoreassist%2C18.1.0%2CN%3Brest%2C18.5.2%2CN%3Bcurrency%2C18.5.0%2CN%3Blanding%2C18.5.9%2CN%3Bbitrix.sitecorporate%2C15.5.0%2CN%3Bform%2C18.0.0%2CN%3Babtest%2C17.5.0%2CN%3Bperfmon%2C18.5.0%2CN%3Bfileman%2C18.0.4%2CN%3Breport%2C18.0.7%2CN%3Bsender%2C18.1.3%2CN%3Bb24connector%2C18.0.0%2CN%3Bsocialservices%2C18.0.3%2CN%3Bcatalog%2C18.5.5%2CN&reqm=bitrix.eshop%2Cbitrix.sitecorporate&fullmoduleinfo=Y&SUPD_SRS=RU&SUPD_CMP=N
2019-04-18 18:03:14 -  - exec CUpdateClientPartner::GetHTTPPage
2019-04-18 18:03:14 -  - TIME GetUpdatesList(request) 0.309 sec
2019-04-18 18:03:14 -  - exec CUpdateClientPartner::ParseServerData
2019-04-18 18:03:14 -  - exec CUpdateClientPartner::__CollectRequestData
2019-04-18 18:03:14 -  - exec CUpdateClientPartner::GetHTTPPage
2019-04-18 18:03:14 -  - exec CUpdateClientPartner::ParseServerData
2019-04-18 18:09:57 -  - exec CUpdateClientPartner::GetUpdatesList
2019-04-18 18:09:57 -  - exec CUpdateClientPartner::__CollectRequestData
2019-04-18 18:09:57 -  - utf=N&lang=ru&stable=Y&CANGZIP=Y&SUPD_DBS=MYSQL&XE=N&CLIENT_SITE=ci14500-bitrix.tw1.ru&LICENSE_KEY=X&SUPD_STS=1&SUPD_URS=0&SUPD_URSA=1&TYPENC=D&CLIENT_PHPVER=7.1.26&NGINX=Y&dbv=5.6.39&instm=main%2C18.1.5%2CY%3Bseo%2C18.5.0%2CN%3Bbitrix.eshop%2C18.0.0%2CN%3Bclouds%2C18.0.0%2CN%3Bhighloadblock%2C18.5.0%2CN%3Bsale%2C18.5.6%2CN%3Bcompression%2C16.0.0%2CN%3Bvote%2C17.5.1%2CN%3Btranslate%2C16.5.0%2CN%3Bconversion%2C17.5.0%2CN%3Bblog%2C18.1.0%2CN%3Bsearch%2C18.5.0%2CN%3Biblock%2C18.5.4%2CN%3Bbitrixcloud%2C18.5.0%2CN%3Bmessageservice%2C18.0.0%2CN%3Bphotogallery%2C18.0.0%2CN%3Bpull%2C17.5.5%2CN%3Bscale%2C17.5.0%2CN%3Bui%2C18.0.3%2CN%3Bsecurity%2C18.5.0%2CN%3Bforum%2C18.0.3%2CN%3Beshopapp%2C16.5.0%2CN%3Bmobileapp%2C18.0.2%2CN%3Bsubscribe%2C18.5.0%2CN%3Bstoreassist%2C18.1.0%2CN%3Brest%2C18.5.2%2CN%3Bcurrency%2C18.5.0%2CN%3Blanding%2C18.5.9%2CN%3Bbitrix.sitecorporate%2C15.5.0%2CN%3Bform%2C18.0.0%2CN%3Babtest%2C17.5.0%2CN%3Bperfmon%2C18.5.0%2CN%3Bfileman%2C18.0.4%2CN%3Breport%2C18.0.7%2CN%3Bsender%2C18.1.3%2CN%3Bb24connector%2C18.0.0%2CN%3Bsocialservices%2C18.0.3%2CN%3Bcatalog%2C18.5.5%2CN&reqm=bitrix.eshop%2Cbitrix.sitecorporate%2Credsign.daysarticle2&SUPD_SRS=RU&SUPD_CMP=N
2019-04-18 18:09:57 -  - exec CUpdateClientPartner::GetHTTPPage
2019-04-18 18:09:57 -  - TIME GetUpdatesList(request) 0.363 sec
2019-04-18 18:09:57 -  - exec CUpdateClientPartner::ParseServerData
2019-04-18 18:10:02 -  - exec CUpdateClientPartner::LoadModulesUpdates
2019-04-18 18:10:02 -  - exec CUpdateClientPartner::__CollectRequestData
2019-04-18 18:10:02 -  - utf=N&lang=ru&stable=Y&CANGZIP=Y&SUPD_DBS=MYSQL&XE=N&CLIENT_SITE=ci14500-bitrix.tw1.ru&LICENSE_KEY=X&SUPD_STS=1&SUPD_URS=0&SUPD_URSA=1&TYPENC=D&CLIENT_PHPVER=7.1.26&NGINX=Y&dbv=5.6.39&instm=main%2C18.1.5%2CY%3Bseo%2C18.5.0%2CN%3Bbitrix.eshop%2C18.0.0%2CN%3Bclouds%2C18.0.0%2CN%3Bhighloadblock%2C18.5.0%2CN%3Bsale%2C18.5.6%2CN%3Bcompression%2C16.0.0%2CN%3Bvote%2C17.5.1%2CN%3Btranslate%2C16.5.0%2CN%3Bconversion%2C17.5.0%2CN%3Bblog%2C18.1.0%2CN%3Bsearch%2C18.5.0%2CN%3Biblock%2C18.5.4%2CN%3Bbitrixcloud%2C18.5.0%2CN%3Bmessageservice%2C18.0.0%2CN%3Bphotogallery%2C18.0.0%2CN%3Bpull%2C17.5.5%2CN%3Bscale%2C17.5.0%2CN%3Bui%2C18.0.3%2CN%3Bsecurity%2C18.5.0%2CN%3Bforum%2C18.0.3%2CN%3Beshopapp%2C16.5.0%2CN%3Bmobileapp%2C18.0.2%2CN%3Bsubscribe%2C18.5.0%2CN%3Bstoreassist%2C18.1.0%2CN%3Brest%2C18.5.2%2CN%3Bcurrency%2C18.5.0%2CN%3Blanding%2C18.5.9%2CN%3Bbitrix.sitecorporate%2C15.5.0%2CN%3Bform%2C18.0.0%2CN%3Babtest%2C17.5.0%2CN%3Bperfmon%2C18.5.0%2CN%3Bfileman%2C18.0.4%2CN%3Breport%2C18.0.7%2CN%3Bsender%2C18.1.3%2CN%3Bb24connector%2C18.0.0%2CN%3Bsocialservices%2C18.0.3%2CN%3Bcatalog%2C18.5.5%2CN&reqm=redsign.daysarticle2&lim=Y&SUPD_SRS=RU&SUPD_CMP=N
2019-04-18 18:10:02 -  - exec CUpdateClientPartner::GetHTTPPage
2019-04-18 18:10:02 -  - TIME LoadModulesUpdates(request) 0.46 sec
2019-04-18 18:10:02 -  - exec CUpdateClientPartner::ParseServerData
2019-04-18 18:10:02 - S - STEP
2019-04-18 18:10:02 - LMU01 - LoadModulesUpdates-Step
2019-04-18 18:10:02 -  - exec CUpdateClientPartner::LoadModulesUpdates
2019-04-18 18:10:02 -  - exec CUpdateClientPartner::ParseServerData
2019-04-18 18:10:02 -  - loadFile
2019-04-18 18:10:03 - U - RETURN
2019-04-18 18:10:03 -  - exec CUpdateClientPartner::UnGzipArchive
2019-04-18 18:10:03 -  - TIME UnGzipArchive 0.017 sec
2019-04-18 18:10:03 -  - TIME UpdateStepModules 0.018 sec
2019-04-18 18:10:03 - UPD_SUCCESS - Updated: redsign.daysarticle2
2019-04-18 18:10:03 -  - exec CUpdateClientPartner::LoadModulesUpdates
2019-04-18 18:10:03 -  - exec CUpdateClientPartner::__CollectRequestData
2019-04-18 18:10:03 -  - utf=N&lang=ru&stable=Y&CANGZIP=Y&SUPD_DBS=MYSQL&XE=N&CLIENT_SITE=ci14500-bitrix.tw1.ru&LICENSE_KEY=X&SUPD_STS=1&SUPD_URS=0&SUPD_URSA=1&TYPENC=D&CLIENT_PHPVER=7.1.26&NGINX=Y&dbv=5.6.39&instm=main%2C18.1.5%2CY%3Bseo%2C18.5.0%2CN%3Bbitrix.eshop%2C18.0.0%2CN%3Bclouds%2C18.0.0%2CN%3Bhighloadblock%2C18.5.0%2CN%3Bsale%2C18.5.6%2CN%3Bcompression%2C16.0.0%2CN%3Bvote%2C17.5.1%2CN%3Btranslate%2C16.5.0%2CN%3Bconversion%2C17.5.0%2CN%3Bblog%2C18.1.0%2CN%3Bsearch%2C18.5.0%2CN%3Biblock%2C18.5.4%2CN%3Bbitrixcloud%2C18.5.0%2CN%3Bmessageservice%2C18.0.0%2CN%3Bphotogallery%2C18.0.0%2CN%3Bpull%2C17.5.5%2CN%3Bscale%2C17.5.0%2CN%3Bui%2C18.0.3%2CN%3Bsecurity%2C18.5.0%2CN%3Bforum%2C18.0.3%2CN%3Beshopapp%2C16.5.0%2CN%3Bmobileapp%2C18.0.2%2CN%3Bsubscribe%2C18.5.0%2CN%3Bstoreassist%2C18.1.0%2CN%3Brest%2C18.5.2%2CN%3Bcurrency%2C18.5.0%2CN%3Blanding%2C18.5.9%2CN%3Bredsign.daysarticle2%2C1.0.0%2CN%3Bbitrix.sitecorporate%2C15.5.0%2CN%3Bform%2C18.0.0%2CN%3Babtest%2C17.5.0%2CN%3Bperfmon%2C18.5.0%2CN%3Bfileman%2C18.0.4%2CN%3Breport%2C18.0.7%2CN%3Bsender%2C18.1.3%2CN%3Bb24connector%2C18.0.0%2CN%3Bsocialservices%2C18.0.3%2CN%3Bcatalog%2C18.5.5%2CN&reqm=redsign.daysarticle2&lim=Y&SUPD_SRS=RU&SUPD_CMP=N
2019-04-18 18:10:03 -  - exec CUpdateClientPartner::GetHTTPPage
2019-04-18 18:10:03 -  - TIME LoadModulesUpdates(request) 0.375 sec
2019-04-18 18:10:03 -  - exec CUpdateClientPartner::ParseServerData
2019-04-18 18:10:03 - S - STEP
2019-04-18 18:10:03 - LMU01 - LoadModulesUpdates-Step
2019-04-18 18:10:04 -  - exec CUpdateClientPartner::LoadModulesUpdates
2019-04-18 18:10:04 -  - exec CUpdateClientPartner::ParseServerData
2019-04-18 18:10:04 -  - loadFile
2019-04-18 18:10:04 - U - RETURN
2019-04-18 18:10:04 -  - exec CUpdateClientPartner::UnGzipArchive
2019-04-18 18:10:04 -  - TIME UnGzipArchive 0.001 sec
2019-04-18 18:10:04 - CSURUS1 - Run updater '/bitrix/updates/update_m1555600204/redsign.daysarticle2/updater1.0.1.php'
2019-04-18 18:10:04 -  - TIME UpdateStepModules 0.002 sec
2019-04-18 18:10:04 - UPD_SUCCESS - Updated: redsign.daysarticle2 (1.0.1)<br>* В настройка компонента появился пункт для включения НДС в цену
2019-04-18 18:10:04 -  - exec CUpdateClientPartner::LoadModulesUpdates
2019-04-18 18:10:04 -  - exec CUpdateClientPartner::__CollectRequestData
2019-04-18 18:10:04 -  - utf=N&lang=ru&stable=Y&CANGZIP=Y&SUPD_DBS=MYSQL&XE=N&CLIENT_SITE=ci14500-bitrix.tw1.ru&LICENSE_KEY=X&SUPD_STS=1&SUPD_URS=0&SUPD_URSA=1&TYPENC=D&CLIENT_PHPVER=7.1.26&NGINX=Y&dbv=5.6.39&instm=main%2C18.1.5%2CY%3Bseo%2C18.5.0%2CN%3Bbitrix.eshop%2C18.0.0%2CN%3Bclouds%2C18.0.0%2CN%3Bhighloadblock%2C18.5.0%2CN%3Bsale%2C18.5.6%2CN%3Bcompression%2C16.0.0%2CN%3Bvote%2C17.5.1%2CN%3Btranslate%2C16.5.0%2CN%3Bconversion%2C17.5.0%2CN%3Bblog%2C18.1.0%2CN%3Bsearch%2C18.5.0%2CN%3Biblock%2C18.5.4%2CN%3Bbitrixcloud%2C18.5.0%2CN%3Bmessageservice%2C18.0.0%2CN%3Bphotogallery%2C18.0.0%2CN%3Bpull%2C17.5.5%2CN%3Bscale%2C17.5.0%2CN%3Bui%2C18.0.3%2CN%3Bsecurity%2C18.5.0%2CN%3Bforum%2C18.0.3%2CN%3Beshopapp%2C16.5.0%2CN%3Bmobileapp%2C18.0.2%2CN%3Bsubscribe%2C18.5.0%2CN%3Bstoreassist%2C18.1.0%2CN%3Brest%2C18.5.2%2CN%3Bcurrency%2C18.5.0%2CN%3Blanding%2C18.5.9%2CN%3Bredsign.daysarticle2%2C1.0.1%2CN%3Bbitrix.sitecorporate%2C15.5.0%2CN%3Bform%2C18.0.0%2CN%3Babtest%2C17.5.0%2CN%3Bperfmon%2C18.5.0%2CN%3Bfileman%2C18.0.4%2CN%3Breport%2C18.0.7%2CN%3Bsender%2C18.1.3%2CN%3Bb24connector%2C18.0.0%2CN%3Bsocialservices%2C18.0.3%2CN%3Bcatalog%2C18.5.5%2CN&reqm=redsign.daysarticle2&lim=Y&SUPD_SRS=RU&SUPD_CMP=N
2019-04-18 18:10:04 -  - exec CUpdateClientPartner::GetHTTPPage
2019-04-18 18:10:04 -  - TIME LoadModulesUpdates(request) 0.296 sec
2019-04-18 18:10:04 -  - exec CUpdateClientPartner::ParseServerData
2019-04-18 18:10:04 - S - STEP
2019-04-18 18:10:04 - LMU01 - LoadModulesUpdates-Step
2019-04-18 18:10:04 -  - exec CUpdateClientPartner::LoadModulesUpdates
2019-04-18 18:10:04 -  - exec CUpdateClientPartner::ParseServerData
2019-04-18 18:10:04 -  - loadFile
2019-04-18 18:10:04 - U - RETURN
2019-04-18 18:10:04 -  - exec CUpdateClientPartner::UnGzipArchive
2019-04-18 18:10:04 -  - TIME UnGzipArchive 0.001 sec
2019-04-18 18:10:04 - CSURUS1 - Run updater '/bitrix/updates/update_m1555600204/redsign.daysarticle2/updater2.0.0.php'
2019-04-18 18:10:04 -  - TIME UpdateStepModules 0.002 sec
2019-04-18 18:10:04 - UPD_SUCCESS - Updated: redsign.daysarticle2 (2.0.0)<br>* Добавлена поддержка торговых предложений
2019-04-18 18:10:04 -  - exec CUpdateClientPartner::LoadModulesUpdates
2019-04-18 18:10:04 -  - exec CUpdateClientPartner::__CollectRequestData
2019-04-18 18:10:04 -  - utf=N&lang=ru&stable=Y&CANGZIP=Y&SUPD_DBS=MYSQL&XE=N&CLIENT_SITE=ci14500-bitrix.tw1.ru&LICENSE_KEY=X&SUPD_STS=1&SUPD_URS=0&SUPD_URSA=1&TYPENC=D&CLIENT_PHPVER=7.1.26&NGINX=Y&dbv=5.6.39&instm=main%2C18.1.5%2CY%3Bseo%2C18.5.0%2CN%3Bbitrix.eshop%2C18.0.0%2CN%3Bclouds%2C18.0.0%2CN%3Bhighloadblock%2C18.5.0%2CN%3Bsale%2C18.5.6%2CN%3Bcompression%2C16.0.0%2CN%3Bvote%2C17.5.1%2CN%3Btranslate%2C16.5.0%2CN%3Bconversion%2C17.5.0%2CN%3Bblog%2C18.1.0%2CN%3Bsearch%2C18.5.0%2CN%3Biblock%2C18.5.4%2CN%3Bbitrixcloud%2C18.5.0%2CN%3Bmessageservice%2C18.0.0%2CN%3Bphotogallery%2C18.0.0%2CN%3Bpull%2C17.5.5%2CN%3Bscale%2C17.5.0%2CN%3Bui%2C18.0.3%2CN%3Bsecurity%2C18.5.0%2CN%3Bforum%2C18.0.3%2CN%3Beshopapp%2C16.5.0%2CN%3Bmobileapp%2C18.0.2%2CN%3Bsubscribe%2C18.5.0%2CN%3Bstoreassist%2C18.1.0%2CN%3Brest%2C18.5.2%2CN%3Bcurrency%2C18.5.0%2CN%3Blanding%2C18.5.9%2CN%3Bredsign.daysarticle2%2C2.0.0%2CN%3Bbitrix.sitecorporate%2C15.5.0%2CN%3Bform%2C18.0.0%2CN%3Babtest%2C17.5.0%2CN%3Bperfmon%2C18.5.0%2CN%3Bfileman%2C18.0.4%2CN%3Breport%2C18.0.7%2CN%3Bsender%2C18.1.3%2CN%3Bb24connector%2C18.0.0%2CN%3Bsocialservices%2C18.0.3%2CN%3Bcatalog%2C18.5.5%2CN&reqm=redsign.daysarticle2&lim=Y&SUPD_SRS=RU&SUPD_CMP=N
2019-04-18 18:10:04 -  - exec CUpdateClientPartner::GetHTTPPage
2019-04-18 18:10:05 -  - TIME LoadModulesUpdates(request) 0.339 sec
2019-04-18 18:10:05 -  - exec CUpdateClientPartner::ParseServerData
2019-04-18 18:10:05 - S - STEP
2019-04-18 18:10:05 - LMU01 - LoadModulesUpdates-Step
2019-04-18 18:10:05 -  - exec CUpdateClientPartner::LoadModulesUpdates
2019-04-18 18:10:05 -  - exec CUpdateClientPartner::ParseServerData
2019-04-18 18:10:05 -  - loadFile
2019-04-18 18:10:05 - U - RETURN
2019-04-18 18:10:05 -  - exec CUpdateClientPartner::UnGzipArchive
2019-04-18 18:10:05 -  - TIME UnGzipArchive 0 sec
2019-04-18 18:10:05 - CSURUS1 - Run updater '/bitrix/updates/update_m1555600205/redsign.daysarticle2/updater2.0.1.php'
2019-04-18 18:10:05 -  - TIME UpdateStepModules 0.001 sec
2019-04-18 18:10:05 - UPD_SUCCESS - Updated: redsign.daysarticle2 (2.0.1)<br>* Устранение мелких ошибок
2019-04-18 18:10:05 -  - exec CUpdateClientPartner::LoadModulesUpdates
2019-04-18 18:10:05 -  - exec CUpdateClientPartner::__CollectRequestData
2019-04-18 18:10:05 -  - utf=N&lang=ru&stable=Y&CANGZIP=Y&SUPD_DBS=MYSQL&XE=N&CLIENT_SITE=ci14500-bitrix.tw1.ru&LICENSE_KEY=X&SUPD_STS=1&SUPD_URS=0&SUPD_URSA=1&TYPENC=D&CLIENT_PHPVER=7.1.26&NGINX=Y&dbv=5.6.39&instm=main%2C18.1.5%2CY%3Bseo%2C18.5.0%2CN%3Bbitrix.eshop%2C18.0.0%2CN%3Bclouds%2C18.0.0%2CN%3Bhighloadblock%2C18.5.0%2CN%3Bsale%2C18.5.6%2CN%3Bcompression%2C16.0.0%2CN%3Bvote%2C17.5.1%2CN%3Btranslate%2C16.5.0%2CN%3Bconversion%2C17.5.0%2CN%3Bblog%2C18.1.0%2CN%3Bsearch%2C18.5.0%2CN%3Biblock%2C18.5.4%2CN%3Bbitrixcloud%2C18.5.0%2CN%3Bmessageservice%2C18.0.0%2CN%3Bphotogallery%2C18.0.0%2CN%3Bpull%2C17.5.5%2CN%3Bscale%2C17.5.0%2CN%3Bui%2C18.0.3%2CN%3Bsecurity%2C18.5.0%2CN%3Bforum%2C18.0.3%2CN%3Beshopapp%2C16.5.0%2CN%3Bmobileapp%2C18.0.2%2CN%3Bsubscribe%2C18.5.0%2CN%3Bstoreassist%2C18.1.0%2CN%3Brest%2C18.5.2%2CN%3Bcurrency%2C18.5.0%2CN%3Blanding%2C18.5.9%2CN%3Bredsign.daysarticle2%2C2.0.1%2CN%3Bbitrix.sitecorporate%2C15.5.0%2CN%3Bform%2C18.0.0%2CN%3Babtest%2C17.5.0%2CN%3Bperfmon%2C18.5.0%2CN%3Bfileman%2C18.0.4%2CN%3Breport%2C18.0.7%2CN%3Bsender%2C18.1.3%2CN%3Bb24connector%2C18.0.0%2CN%3Bsocialservices%2C18.0.3%2CN%3Bcatalog%2C18.5.5%2CN&reqm=redsign.daysarticle2&lim=Y&SUPD_SRS=RU&SUPD_CMP=N
2019-04-18 18:10:05 -  - exec CUpdateClientPartner::GetHTTPPage
2019-04-18 18:10:05 -  - TIME LoadModulesUpdates(request) 0.317 sec
2019-04-18 18:10:05 -  - exec CUpdateClientPartner::ParseServerData
2019-04-18 18:10:05 - S - STEP
2019-04-18 18:10:05 - LMU01 - LoadModulesUpdates-Step
2019-04-18 18:10:05 -  - exec CUpdateClientPartner::LoadModulesUpdates
2019-04-18 18:10:05 -  - exec CUpdateClientPartner::ParseServerData
2019-04-18 18:10:05 -  - loadFile
2019-04-18 18:10:05 - U - RETURN
2019-04-18 18:10:05 -  - exec CUpdateClientPartner::UnGzipArchive
2019-04-18 18:10:05 -  - TIME UnGzipArchive 0.001 sec
2019-04-18 18:10:05 - CSURUS1 - Run updater '/bitrix/updates/update_m1555600205/redsign.daysarticle2/updater2.1.0.php'
2019-04-18 18:10:05 -  - TIME UpdateStepModules 0.002 sec
2019-04-18 18:10:05 - UPD_SUCCESS - Updated: redsign.daysarticle2 (2.1.0)<br>* Добавлена опция, позволяющая автоматически продлить акцию
2019-04-18 18:10:05 -  - exec CUpdateClientPartner::LoadModulesUpdates
2019-04-18 18:10:05 -  - exec CUpdateClientPartner::__CollectRequestData
2019-04-18 18:10:05 -  - utf=N&lang=ru&stable=Y&CANGZIP=Y&SUPD_DBS=MYSQL&XE=N&CLIENT_SITE=ci14500-bitrix.tw1.ru&LICENSE_KEY=X&SUPD_STS=1&SUPD_URS=0&SUPD_URSA=1&TYPENC=D&CLIENT_PHPVER=7.1.26&NGINX=Y&dbv=5.6.39&instm=main%2C18.1.5%2CY%3Bseo%2C18.5.0%2CN%3Bbitrix.eshop%2C18.0.0%2CN%3Bclouds%2C18.0.0%2CN%3Bhighloadblock%2C18.5.0%2CN%3Bsale%2C18.5.6%2CN%3Bcompression%2C16.0.0%2CN%3Bvote%2C17.5.1%2CN%3Btranslate%2C16.5.0%2CN%3Bconversion%2C17.5.0%2CN%3Bblog%2C18.1.0%2CN%3Bsearch%2C18.5.0%2CN%3Biblock%2C18.5.4%2CN%3Bbitrixcloud%2C18.5.0%2CN%3Bmessageservice%2C18.0.0%2CN%3Bphotogallery%2C18.0.0%2CN%3Bpull%2C17.5.5%2CN%3Bscale%2C17.5.0%2CN%3Bui%2C18.0.3%2CN%3Bsecurity%2C18.5.0%2CN%3Bforum%2C18.0.3%2CN%3Beshopapp%2C16.5.0%2CN%3Bmobileapp%2C18.0.2%2CN%3Bsubscribe%2C18.5.0%2CN%3Bstoreassist%2C18.1.0%2CN%3Brest%2C18.5.2%2CN%3Bcurrency%2C18.5.0%2CN%3Blanding%2C18.5.9%2CN%3Bredsign.daysarticle2%2C2.1.0%2CN%3Bbitrix.sitecorporate%2C15.5.0%2CN%3Bform%2C18.0.0%2CN%3Babtest%2C17.5.0%2CN%3Bperfmon%2C18.5.0%2CN%3Bfileman%2C18.0.4%2CN%3Breport%2C18.0.7%2CN%3Bsender%2C18.1.3%2CN%3Bb24connector%2C18.0.0%2CN%3Bsocialservices%2C18.0.3%2CN%3Bcatalog%2C18.5.5%2CN&reqm=redsign.daysarticle2&lim=Y&SUPD_SRS=RU&SUPD_CMP=N
2019-04-18 18:10:05 -  - exec CUpdateClientPartner::GetHTTPPage
2019-04-18 18:10:06 -  - TIME LoadModulesUpdates(request) 0.322 sec
2019-04-18 18:10:06 -  - exec CUpdateClientPartner::ParseServerData
2019-04-18 18:10:06 - S - STEP
2019-04-18 18:10:06 - LMU01 - LoadModulesUpdates-Step
2019-04-18 18:10:06 -  - exec CUpdateClientPartner::LoadModulesUpdates
2019-04-18 18:10:06 -  - exec CUpdateClientPartner::ParseServerData
2019-04-18 18:10:06 -  - loadFile
2019-04-18 18:10:06 - U - RETURN
2019-04-18 18:10:06 -  - exec CUpdateClientPartner::UnGzipArchive
2019-04-18 18:10:06 -  - TIME UnGzipArchive 0.001 sec
2019-04-18 18:10:06 - CSURUS1 - Run updater '/bitrix/updates/update_m1555600206/redsign.daysarticle2/updater2.2.0.php'
2019-04-18 18:10:06 -  - TIME UpdateStepModules 0.001 sec
2019-04-18 18:10:06 - UPD_SUCCESS - Updated: redsign.daysarticle2 (2.2.0)<br>* Доработана поддержка торговых предложений
2019-04-18 18:10:06 -  - exec CUpdateClientPartner::LoadModulesUpdates
2019-04-18 18:10:06 -  - exec CUpdateClientPartner::__CollectRequestData
2019-04-18 18:10:06 -  - utf=N&lang=ru&stable=Y&CANGZIP=Y&SUPD_DBS=MYSQL&XE=N&CLIENT_SITE=ci14500-bitrix.tw1.ru&LICENSE_KEY=X&SUPD_STS=1&SUPD_URS=0&SUPD_URSA=1&TYPENC=D&CLIENT_PHPVER=7.1.26&NGINX=Y&dbv=5.6.39&instm=main%2C18.1.5%2CY%3Bseo%2C18.5.0%2CN%3Bbitrix.eshop%2C18.0.0%2CN%3Bclouds%2C18.0.0%2CN%3Bhighloadblock%2C18.5.0%2CN%3Bsale%2C18.5.6%2CN%3Bcompression%2C16.0.0%2CN%3Bvote%2C17.5.1%2CN%3Btranslate%2C16.5.0%2CN%3Bconversion%2C17.5.0%2CN%3Bblog%2C18.1.0%2CN%3Bsearch%2C18.5.0%2CN%3Biblock%2C18.5.4%2CN%3Bbitrixcloud%2C18.5.0%2CN%3Bmessageservice%2C18.0.0%2CN%3Bphotogallery%2C18.0.0%2CN%3Bpull%2C17.5.5%2CN%3Bscale%2C17.5.0%2CN%3Bui%2C18.0.3%2CN%3Bsecurity%2C18.5.0%2CN%3Bforum%2C18.0.3%2CN%3Beshopapp%2C16.5.0%2CN%3Bmobileapp%2C18.0.2%2CN%3Bsubscribe%2C18.5.0%2CN%3Bstoreassist%2C18.1.0%2CN%3Brest%2C18.5.2%2CN%3Bcurrency%2C18.5.0%2CN%3Blanding%2C18.5.9%2CN%3Bredsign.daysarticle2%2C2.2.0%2CN%3Bbitrix.sitecorporate%2C15.5.0%2CN%3Bform%2C18.0.0%2CN%3Babtest%2C17.5.0%2CN%3Bperfmon%2C18.5.0%2CN%3Bfileman%2C18.0.4%2CN%3Breport%2C18.0.7%2CN%3Bsender%2C18.1.3%2CN%3Bb24connector%2C18.0.0%2CN%3Bsocialservices%2C18.0.3%2CN%3Bcatalog%2C18.5.5%2CN&reqm=redsign.daysarticle2&lim=Y&SUPD_SRS=RU&SUPD_CMP=N
2019-04-18 18:10:06 -  - exec CUpdateClientPartner::GetHTTPPage
2019-04-18 18:10:06 -  - TIME LoadModulesUpdates(request) 0.385 sec
2019-04-18 18:10:06 -  - exec CUpdateClientPartner::ParseServerData
2019-04-18 18:10:06 - S - STEP
2019-04-18 18:10:06 - LMU01 - LoadModulesUpdates-Step
2019-04-18 18:10:06 -  - exec CUpdateClientPartner::LoadModulesUpdates
2019-04-18 18:10:06 -  - exec CUpdateClientPartner::ParseServerData
2019-04-18 18:10:06 -  - loadFile
2019-04-18 18:10:06 - U - RETURN
2019-04-18 18:10:06 -  - exec CUpdateClientPartner::UnGzipArchive
2019-04-18 18:10:06 -  - TIME UnGzipArchive 0.001 sec
2019-04-18 18:10:06 - CSURUS1 - Run updater '/bitrix/updates/update_m1555600206/redsign.daysarticle2/updater2.2.1.php'
2019-04-18 18:10:06 -  - TIME UpdateStepModules 0.002 sec
2019-04-18 18:10:06 - UPD_SUCCESS - Updated: redsign.daysarticle2 (2.2.1)<br>* Доработка компонента для работы с торговыми предложениями
2019-04-18 18:10:06 -  - exec CUpdateClientPartner::LoadModulesUpdates
2019-04-18 18:10:06 -  - exec CUpdateClientPartner::__CollectRequestData
2019-04-18 18:10:06 -  - utf=N&lang=ru&stable=Y&CANGZIP=Y&SUPD_DBS=MYSQL&XE=N&CLIENT_SITE=ci14500-bitrix.tw1.ru&LICENSE_KEY=X&SUPD_STS=1&SUPD_URS=0&SUPD_URSA=1&TYPENC=D&CLIENT_PHPVER=7.1.26&NGINX=Y&dbv=5.6.39&instm=main%2C18.1.5%2CY%3Bseo%2C18.5.0%2CN%3Bbitrix.eshop%2C18.0.0%2CN%3Bclouds%2C18.0.0%2CN%3Bhighloadblock%2C18.5.0%2CN%3Bsale%2C18.5.6%2CN%3Bcompression%2C16.0.0%2CN%3Bvote%2C17.5.1%2CN%3Btranslate%2C16.5.0%2CN%3Bconversion%2C17.5.0%2CN%3Bblog%2C18.1.0%2CN%3Bsearch%2C18.5.0%2CN%3Biblock%2C18.5.4%2CN%3Bbitrixcloud%2C18.5.0%2CN%3Bmessageservice%2C18.0.0%2CN%3Bphotogallery%2C18.0.0%2CN%3Bpull%2C17.5.5%2CN%3Bscale%2C17.5.0%2CN%3Bui%2C18.0.3%2CN%3Bsecurity%2C18.5.0%2CN%3Bforum%2C18.0.3%2CN%3Beshopapp%2C16.5.0%2CN%3Bmobileapp%2C18.0.2%2CN%3Bsubscribe%2C18.5.0%2CN%3Bstoreassist%2C18.1.0%2CN%3Brest%2C18.5.2%2CN%3Bcurrency%2C18.5.0%2CN%3Blanding%2C18.5.9%2CN%3Bredsign.daysarticle2%2C2.2.1%2CN%3Bbitrix.sitecorporate%2C15.5.0%2CN%3Bform%2C18.0.0%2CN%3Babtest%2C17.5.0%2CN%3Bperfmon%2C18.5.0%2CN%3Bfileman%2C18.0.4%2CN%3Breport%2C18.0.7%2CN%3Bsender%2C18.1.3%2CN%3Bb24connector%2C18.0.0%2CN%3Bsocialservices%2C18.0.3%2CN%3Bcatalog%2C18.5.5%2CN&reqm=redsign.daysarticle2&lim=Y&SUPD_SRS=RU&SUPD_CMP=N
2019-04-18 18:10:06 -  - exec CUpdateClientPartner::GetHTTPPage
2019-04-18 18:10:07 -  - TIME LoadModulesUpdates(request) 0.324 sec
2019-04-18 18:10:07 -  - exec CUpdateClientPartner::ParseServerData
2019-04-18 18:10:07 - S - STEP
2019-04-18 18:10:07 - LMU01 - LoadModulesUpdates-Step
2019-04-18 18:10:07 -  - exec CUpdateClientPartner::LoadModulesUpdates
2019-04-18 18:10:07 -  - exec CUpdateClientPartner::ParseServerData
2019-04-18 18:10:07 -  - loadFile
2019-04-18 18:10:07 - U - RETURN
2019-04-18 18:10:07 -  - exec CUpdateClientPartner::UnGzipArchive
2019-04-18 18:10:07 -  - TIME UnGzipArchive 0.001 sec
2019-04-18 18:10:07 - CSURUS1 - Run updater '/bitrix/updates/update_m1555600207/redsign.daysarticle2/updater2.2.2.php'
2019-04-18 18:10:07 -  - TIME UpdateStepModules 0.001 sec
2019-04-18 18:10:07 - UPD_SUCCESS - Updated: redsign.daysarticle2 (2.2.2)<br>* Обновление API модуля: в функцию GetList добавлена поддержка массивов для ключей ID и ELEMENT_ID
2019-04-18 18:10:07 -  - exec CUpdateClientPartner::LoadModulesUpdates
2019-04-18 18:10:07 -  - exec CUpdateClientPartner::__CollectRequestData
2019-04-18 18:10:07 -  - utf=N&lang=ru&stable=Y&CANGZIP=Y&SUPD_DBS=MYSQL&XE=N&CLIENT_SITE=ci14500-bitrix.tw1.ru&LICENSE_KEY=X&SUPD_STS=1&SUPD_URS=0&SUPD_URSA=1&TYPENC=D&CLIENT_PHPVER=7.1.26&NGINX=Y&dbv=5.6.39&instm=main%2C18.1.5%2CY%3Bseo%2C18.5.0%2CN%3Bbitrix.eshop%2C18.0.0%2CN%3Bclouds%2C18.0.0%2CN%3Bhighloadblock%2C18.5.0%2CN%3Bsale%2C18.5.6%2CN%3Bcompression%2C16.0.0%2CN%3Bvote%2C17.5.1%2CN%3Btranslate%2C16.5.0%2CN%3Bconversion%2C17.5.0%2CN%3Bblog%2C18.1.0%2CN%3Bsearch%2C18.5.0%2CN%3Biblock%2C18.5.4%2CN%3Bbitrixcloud%2C18.5.0%2CN%3Bmessageservice%2C18.0.0%2CN%3Bphotogallery%2C18.0.0%2CN%3Bpull%2C17.5.5%2CN%3Bscale%2C17.5.0%2CN%3Bui%2C18.0.3%2CN%3Bsecurity%2C18.5.0%2CN%3Bforum%2C18.0.3%2CN%3Beshopapp%2C16.5.0%2CN%3Bmobileapp%2C18.0.2%2CN%3Bsubscribe%2C18.5.0%2CN%3Bstoreassist%2C18.1.0%2CN%3Brest%2C18.5.2%2CN%3Bcurrency%2C18.5.0%2CN%3Blanding%2C18.5.9%2CN%3Bredsign.daysarticle2%2C2.2.2%2CN%3Bbitrix.sitecorporate%2C15.5.0%2CN%3Bform%2C18.0.0%2CN%3Babtest%2C17.5.0%2CN%3Bperfmon%2C18.5.0%2CN%3Bfileman%2C18.0.4%2CN%3Breport%2C18.0.7%2CN%3Bsender%2C18.1.3%2CN%3Bb24connector%2C18.0.0%2CN%3Bsocialservices%2C18.0.3%2CN%3Bcatalog%2C18.5.5%2CN&reqm=redsign.daysarticle2&lim=Y&SUPD_SRS=RU&SUPD_CMP=N
2019-04-18 18:10:07 -  - exec CUpdateClientPartner::GetHTTPPage
2019-04-18 18:10:07 -  - TIME LoadModulesUpdates(request) 0.287 sec
2019-04-18 18:10:07 -  - exec CUpdateClientPartner::ParseServerData
2019-04-18 18:10:07 - S - STEP
2019-04-18 18:10:07 - LMU01 - LoadModulesUpdates-Step
2019-04-18 18:10:07 -  - exec CUpdateClientPartner::LoadModulesUpdates
2019-04-18 18:10:07 -  - exec CUpdateClientPartner::ParseServerData
2019-04-18 18:10:07 -  - loadFile
2019-04-18 18:10:07 - U - RETURN
2019-04-18 18:10:07 -  - exec CUpdateClientPartner::UnGzipArchive
2019-04-18 18:10:07 -  - TIME UnGzipArchive 0.001 sec
2019-04-18 18:10:07 - CSURUS1 - Run updater '/bitrix/updates/update_m1555600207/redsign.daysarticle2/updater2.2.3.php'
2019-04-18 18:10:07 -  - TIME UpdateStepModules 0.002 sec
2019-04-18 18:10:07 - UPD_SUCCESS - Updated: redsign.daysarticle2 (2.2.3)<br>* Исправление ошибок модуля
2019-04-18 18:10:08 -  - exec CUpdateClientPartner::LoadModulesUpdates
2019-04-18 18:10:08 -  - exec CUpdateClientPartner::__CollectRequestData
2019-04-18 18:10:08 -  - utf=N&lang=ru&stable=Y&CANGZIP=Y&SUPD_DBS=MYSQL&XE=N&CLIENT_SITE=ci14500-bitrix.tw1.ru&LICENSE_KEY=X&SUPD_STS=1&SUPD_URS=0&SUPD_URSA=1&TYPENC=D&CLIENT_PHPVER=7.1.26&NGINX=Y&dbv=5.6.39&instm=main%2C18.1.5%2CY%3Bseo%2C18.5.0%2CN%3Bbitrix.eshop%2C18.0.0%2CN%3Bclouds%2C18.0.0%2CN%3Bhighloadblock%2C18.5.0%2CN%3Bsale%2C18.5.6%2CN%3Bcompression%2C16.0.0%2CN%3Bvote%2C17.5.1%2CN%3Btranslate%2C16.5.0%2CN%3Bconversion%2C17.5.0%2CN%3Bblog%2C18.1.0%2CN%3Bsearch%2C18.5.0%2CN%3Biblock%2C18.5.4%2CN%3Bbitrixcloud%2C18.5.0%2CN%3Bmessageservice%2C18.0.0%2CN%3Bphotogallery%2C18.0.0%2CN%3Bpull%2C17.5.5%2CN%3Bscale%2C17.5.0%2CN%3Bui%2C18.0.3%2CN%3Bsecurity%2C18.5.0%2CN%3Bforum%2C18.0.3%2CN%3Beshopapp%2C16.5.0%2CN%3Bmobileapp%2C18.0.2%2CN%3Bsubscribe%2C18.5.0%2CN%3Bstoreassist%2C18.1.0%2CN%3Brest%2C18.5.2%2CN%3Bcurrency%2C18.5.0%2CN%3Blanding%2C18.5.9%2CN%3Bredsign.daysarticle2%2C2.2.3%2CN%3Bbitrix.sitecorporate%2C15.5.0%2CN%3Bform%2C18.0.0%2CN%3Babtest%2C17.5.0%2CN%3Bperfmon%2C18.5.0%2CN%3Bfileman%2C18.0.4%2CN%3Breport%2C18.0.7%2CN%3Bsender%2C18.1.3%2CN%3Bb24connector%2C18.0.0%2CN%3Bsocialservices%2C18.0.3%2CN%3Bcatalog%2C18.5.5%2CN&reqm=redsign.daysarticle2&lim=Y&SUPD_SRS=RU&SUPD_CMP=N
2019-04-18 18:10:08 -  - exec CUpdateClientPartner::GetHTTPPage
2019-04-18 18:10:08 -  - TIME LoadModulesUpdates(request) 0.31 sec
2019-04-18 18:10:08 -  - exec CUpdateClientPartner::ParseServerData
2019-04-18 18:10:08 - S - STEP
2019-04-18 18:10:08 - LMU01 - LoadModulesUpdates-Step
2019-04-18 18:10:08 -  - exec CUpdateClientPartner::LoadModulesUpdates
2019-04-18 18:10:08 -  - exec CUpdateClientPartner::ParseServerData
2019-04-18 18:10:08 -  - loadFile
2019-04-18 18:10:08 - U - RETURN
2019-04-18 18:10:08 -  - exec CUpdateClientPartner::UnGzipArchive
2019-04-18 18:10:08 -  - TIME UnGzipArchive 0.001 sec
2019-04-18 18:10:08 - CSURUS1 - Run updater '/bitrix/updates/update_m1555600208/redsign.daysarticle2/updater2.2.4.php'
2019-04-18 18:10:08 -  - TIME UpdateStepModules 0.001 sec
2019-04-18 18:10:08 - UPD_SUCCESS - Updated: redsign.daysarticle2 (2.2.4)<br>* Исправление ошибок модуля
2019-04-18 18:10:08 -  - exec CUpdateClientPartner::LoadModulesUpdates
2019-04-18 18:10:08 -  - exec CUpdateClientPartner::__CollectRequestData
2019-04-18 18:10:08 -  - utf=N&lang=ru&stable=Y&CANGZIP=Y&SUPD_DBS=MYSQL&XE=N&CLIENT_SITE=ci14500-bitrix.tw1.ru&LICENSE_KEY=X&SUPD_STS=1&SUPD_URS=0&SUPD_URSA=1&TYPENC=D&CLIENT_PHPVER=7.1.26&NGINX=Y&dbv=5.6.39&instm=main%2C18.1.5%2CY%3Bseo%2C18.5.0%2CN%3Bbitrix.eshop%2C18.0.0%2CN%3Bclouds%2C18.0.0%2CN%3Bhighloadblock%2C18.5.0%2CN%3Bsale%2C18.5.6%2CN%3Bcompression%2C16.0.0%2CN%3Bvote%2C17.5.1%2CN%3Btranslate%2C16.5.0%2CN%3Bconversion%2C17.5.0%2CN%3Bblog%2C18.1.0%2CN%3Bsearch%2C18.5.0%2CN%3Biblock%2C18.5.4%2CN%3Bbitrixcloud%2C18.5.0%2CN%3Bmessageservice%2C18.0.0%2CN%3Bphotogallery%2C18.0.0%2CN%3Bpull%2C17.5.5%2CN%3Bscale%2C17.5.0%2CN%3Bui%2C18.0.3%2CN%3Bsecurity%2C18.5.0%2CN%3Bforum%2C18.0.3%2CN%3Beshopapp%2C16.5.0%2CN%3Bmobileapp%2C18.0.2%2CN%3Bsubscribe%2C18.5.0%2CN%3Bstoreassist%2C18.1.0%2CN%3Brest%2C18.5.2%2CN%3Bcurrency%2C18.5.0%2CN%3Blanding%2C18.5.9%2CN%3Bredsign.daysarticle2%2C2.2.4%2CN%3Bbitrix.sitecorporate%2C15.5.0%2CN%3Bform%2C18.0.0%2CN%3Babtest%2C17.5.0%2CN%3Bperfmon%2C18.5.0%2CN%3Bfileman%2C18.0.4%2CN%3Breport%2C18.0.7%2CN%3Bsender%2C18.1.3%2CN%3Bb24connector%2C18.0.0%2CN%3Bsocialservices%2C18.0.3%2CN%3Bcatalog%2C18.5.5%2CN&reqm=redsign.daysarticle2&lim=Y&SUPD_SRS=RU&SUPD_CMP=N
2019-04-18 18:10:08 -  - exec CUpdateClientPartner::GetHTTPPage
2019-04-18 18:10:08 -  - TIME LoadModulesUpdates(request) 0.29 sec
2019-04-18 18:10:08 -  - exec CUpdateClientPartner::ParseServerData
2019-04-18 18:10:08 - S - STEP
2019-04-18 18:10:08 - LMU01 - LoadModulesUpdates-Step
2019-04-18 18:10:08 -  - exec CUpdateClientPartner::LoadModulesUpdates
2019-04-18 18:10:08 -  - exec CUpdateClientPartner::ParseServerData
2019-04-18 18:10:08 -  - loadFile
2019-04-18 18:10:09 - U - RETURN
2019-04-18 18:10:09 -  - exec CUpdateClientPartner::UnGzipArchive
2019-04-18 18:10:09 -  - TIME UnGzipArchive 0.001 sec
2019-04-18 18:10:09 - CSURUS1 - Run updater '/bitrix/updates/update_m1555600209/redsign.daysarticle2/updater2.2.5.php'
2019-04-18 18:10:09 -  - TIME UpdateStepModules 0.002 sec
2019-04-18 18:10:09 - UPD_SUCCESS - Updated: redsign.daysarticle2 (2.2.5)<br>* Исправление ошибок модуля
2019-04-18 18:10:09 -  - exec CUpdateClientPartner::LoadModulesUpdates
2019-04-18 18:10:09 -  - exec CUpdateClientPartner::__CollectRequestData
2019-04-18 18:10:09 -  - utf=N&lang=ru&stable=Y&CANGZIP=Y&SUPD_DBS=MYSQL&XE=N&CLIENT_SITE=ci14500-bitrix.tw1.ru&LICENSE_KEY=X&SUPD_STS=1&SUPD_URS=0&SUPD_URSA=1&TYPENC=D&CLIENT_PHPVER=7.1.26&NGINX=Y&dbv=5.6.39&instm=main%2C18.1.5%2CY%3Bseo%2C18.5.0%2CN%3Bbitrix.eshop%2C18.0.0%2CN%3Bclouds%2C18.0.0%2CN%3Bhighloadblock%2C18.5.0%2CN%3Bsale%2C18.5.6%2CN%3Bcompression%2C16.0.0%2CN%3Bvote%2C17.5.1%2CN%3Btranslate%2C16.5.0%2CN%3Bconversion%2C17.5.0%2CN%3Bblog%2C18.1.0%2CN%3Bsearch%2C18.5.0%2CN%3Biblock%2C18.5.4%2CN%3Bbitrixcloud%2C18.5.0%2CN%3Bmessageservice%2C18.0.0%2CN%3Bphotogallery%2C18.0.0%2CN%3Bpull%2C17.5.5%2CN%3Bscale%2C17.5.0%2CN%3Bui%2C18.0.3%2CN%3Bsecurity%2C18.5.0%2CN%3Bforum%2C18.0.3%2CN%3Beshopapp%2C16.5.0%2CN%3Bmobileapp%2C18.0.2%2CN%3Bsubscribe%2C18.5.0%2CN%3Bstoreassist%2C18.1.0%2CN%3Brest%2C18.5.2%2CN%3Bcurrency%2C18.5.0%2CN%3Blanding%2C18.5.9%2CN%3Bredsign.daysarticle2%2C2.2.5%2CN%3Bbitrix.sitecorporate%2C15.5.0%2CN%3Bform%2C18.0.0%2CN%3Babtest%2C17.5.0%2CN%3Bperfmon%2C18.5.0%2CN%3Bfileman%2C18.0.4%2CN%3Breport%2C18.0.7%2CN%3Bsender%2C18.1.3%2CN%3Bb24connector%2C18.0.0%2CN%3Bsocialservices%2C18.0.3%2CN%3Bcatalog%2C18.5.5%2CN&reqm=redsign.daysarticle2&lim=Y&SUPD_SRS=RU&SUPD_CMP=N
2019-04-18 18:10:09 -  - exec CUpdateClientPartner::GetHTTPPage
2019-04-18 18:10:09 -  - TIME LoadModulesUpdates(request) 0.286 sec
2019-04-18 18:10:09 -  - exec CUpdateClientPartner::ParseServerData
2019-04-18 18:10:09 - S - STEP
2019-04-18 18:10:09 - LMU01 - LoadModulesUpdates-Step
2019-04-18 18:10:09 -  - exec CUpdateClientPartner::LoadModulesUpdates
2019-04-18 18:10:09 -  - exec CUpdateClientPartner::ParseServerData
2019-04-18 18:10:09 -  - loadFile
2019-04-18 18:10:09 - U - RETURN
2019-04-18 18:10:09 -  - exec CUpdateClientPartner::UnGzipArchive
2019-04-18 18:10:09 -  - TIME UnGzipArchive 0.001 sec
2019-04-18 18:10:09 - CSURUS1 - Run updater '/bitrix/updates/update_m1555600209/redsign.daysarticle2/updater2.3.1.php'
2019-04-18 18:10:09 -  - TIME UpdateStepModules 0.002 sec
2019-04-18 18:10:09 - UPD_SUCCESS - Updated: redsign.daysarticle2 (2.3.1)<br>* Добавлена поддержка торговых предложений компонентом * В настройки компонента добавлена поддержка конвертации валюты
2019-04-18 18:10:09 -  - exec CUpdateClientPartner::LoadModulesUpdates
2019-04-18 18:10:09 -  - exec CUpdateClientPartner::__CollectRequestData
2019-04-18 18:10:09 -  - utf=N&lang=ru&stable=Y&CANGZIP=Y&SUPD_DBS=MYSQL&XE=N&CLIENT_SITE=ci14500-bitrix.tw1.ru&LICENSE_KEY=X&SUPD_STS=1&SUPD_URS=0&SUPD_URSA=1&TYPENC=D&CLIENT_PHPVER=7.1.26&NGINX=Y&dbv=5.6.39&instm=main%2C18.1.5%2CY%3Bseo%2C18.5.0%2CN%3Bbitrix.eshop%2C18.0.0%2CN%3Bclouds%2C18.0.0%2CN%3Bhighloadblock%2C18.5.0%2CN%3Bsale%2C18.5.6%2CN%3Bcompression%2C16.0.0%2CN%3Bvote%2C17.5.1%2CN%3Btranslate%2C16.5.0%2CN%3Bconversion%2C17.5.0%2CN%3Bblog%2C18.1.0%2CN%3Bsearch%2C18.5.0%2CN%3Biblock%2C18.5.4%2CN%3Bbitrixcloud%2C18.5.0%2CN%3Bmessageservice%2C18.0.0%2CN%3Bphotogallery%2C18.0.0%2CN%3Bpull%2C17.5.5%2CN%3Bscale%2C17.5.0%2CN%3Bui%2C18.0.3%2CN%3Bsecurity%2C18.5.0%2CN%3Bforum%2C18.0.3%2CN%3Beshopapp%2C16.5.0%2CN%3Bmobileapp%2C18.0.2%2CN%3Bsubscribe%2C18.5.0%2CN%3Bstoreassist%2C18.1.0%2CN%3Brest%2C18.5.2%2CN%3Bcurrency%2C18.5.0%2CN%3Blanding%2C18.5.9%2CN%3Bredsign.daysarticle2%2C2.3.1%2CN%3Bbitrix.sitecorporate%2C15.5.0%2CN%3Bform%2C18.0.0%2CN%3Babtest%2C17.5.0%2CN%3Bperfmon%2C18.5.0%2CN%3Bfileman%2C18.0.4%2CN%3Breport%2C18.0.7%2CN%3Bsender%2C18.1.3%2CN%3Bb24connector%2C18.0.0%2CN%3Bsocialservices%2C18.0.3%2CN%3Bcatalog%2C18.5.5%2CN&reqm=redsign.daysarticle2&lim=Y&SUPD_SRS=RU&SUPD_CMP=N
2019-04-18 18:10:09 -  - exec CUpdateClientPartner::GetHTTPPage
2019-04-18 18:10:10 -  - TIME LoadModulesUpdates(request) 0.393 sec
2019-04-18 18:10:10 -  - exec CUpdateClientPartner::ParseServerData
2019-04-18 18:10:10 - S - STEP
2019-04-18 18:10:10 - LMU01 - LoadModulesUpdates-Step
2019-04-18 18:10:10 -  - exec CUpdateClientPartner::LoadModulesUpdates
2019-04-18 18:10:10 -  - exec CUpdateClientPartner::ParseServerData
2019-04-18 18:10:10 -  - loadFile
2019-04-18 18:10:10 - U - RETURN
2019-04-18 18:10:10 -  - exec CUpdateClientPartner::UnGzipArchive
2019-04-18 18:10:10 -  - TIME UnGzipArchive 0.001 sec
2019-04-18 18:10:10 - CSURUS1 - Run updater '/bitrix/updates/update_m1555600210/redsign.daysarticle2/updater2.3.2.php'
2019-04-18 18:10:10 -  - TIME UpdateStepModules 0.001 sec
2019-04-18 18:10:10 - UPD_SUCCESS - Updated: redsign.daysarticle2 (2.3.2)<br>* Добавлена поддержка торговых предложений компонентом * В настройки компонента добавлена поддержка конвертации валюты
2019-04-18 18:10:10 -  - exec CUpdateClientPartner::LoadModulesUpdates
2019-04-18 18:10:10 -  - exec CUpdateClientPartner::__CollectRequestData
2019-04-18 18:10:10 -  - utf=N&lang=ru&stable=Y&CANGZIP=Y&SUPD_DBS=MYSQL&XE=N&CLIENT_SITE=ci14500-bitrix.tw1.ru&LICENSE_KEY=X&SUPD_STS=1&SUPD_URS=0&SUPD_URSA=1&TYPENC=D&CLIENT_PHPVER=7.1.26&NGINX=Y&dbv=5.6.39&instm=main%2C18.1.5%2CY%3Bseo%2C18.5.0%2CN%3Bbitrix.eshop%2C18.0.0%2CN%3Bclouds%2C18.0.0%2CN%3Bhighloadblock%2C18.5.0%2CN%3Bsale%2C18.5.6%2CN%3Bcompression%2C16.0.0%2CN%3Bvote%2C17.5.1%2CN%3Btranslate%2C16.5.0%2CN%3Bconversion%2C17.5.0%2CN%3Bblog%2C18.1.0%2CN%3Bsearch%2C18.5.0%2CN%3Biblock%2C18.5.4%2CN%3Bbitrixcloud%2C18.5.0%2CN%3Bmessageservice%2C18.0.0%2CN%3Bphotogallery%2C18.0.0%2CN%3Bpull%2C17.5.5%2CN%3Bscale%2C17.5.0%2CN%3Bui%2C18.0.3%2CN%3Bsecurity%2C18.5.0%2CN%3Bforum%2C18.0.3%2CN%3Beshopapp%2C16.5.0%2CN%3Bmobileapp%2C18.0.2%2CN%3Bsubscribe%2C18.5.0%2CN%3Bstoreassist%2C18.1.0%2CN%3Brest%2C18.5.2%2CN%3Bcurrency%2C18.5.0%2CN%3Blanding%2C18.5.9%2CN%3Bredsign.daysarticle2%2C2.3.2%2CN%3Bbitrix.sitecorporate%2C15.5.0%2CN%3Bform%2C18.0.0%2CN%3Babtest%2C17.5.0%2CN%3Bperfmon%2C18.5.0%2CN%3Bfileman%2C18.0.4%2CN%3Breport%2C18.0.7%2CN%3Bsender%2C18.1.3%2CN%3Bb24connector%2C18.0.0%2CN%3Bsocialservices%2C18.0.3%2CN%3Bcatalog%2C18.5.5%2CN&reqm=redsign.daysarticle2&lim=Y&SUPD_SRS=RU&SUPD_CMP=N
2019-04-18 18:10:10 -  - exec CUpdateClientPartner::GetHTTPPage
2019-04-18 18:10:10 -  - TIME LoadModulesUpdates(request) 0.348 sec
2019-04-18 18:10:10 -  - exec CUpdateClientPartner::ParseServerData
2019-04-18 18:10:10 - S - STEP
2019-04-18 18:10:10 - LMU01 - LoadModulesUpdates-Step
2019-04-18 18:10:10 -  - exec CUpdateClientPartner::LoadModulesUpdates
2019-04-18 18:10:10 -  - exec CUpdateClientPartner::ParseServerData
2019-04-18 18:10:10 -  - loadFile
2019-04-18 18:10:10 - U - RETURN
2019-04-18 18:10:10 -  - exec CUpdateClientPartner::UnGzipArchive
2019-04-18 18:10:10 -  - TIME UnGzipArchive 0.001 sec
2019-04-18 18:10:10 - CSURUS1 - Run updater '/bitrix/updates/update_m1555600210/redsign.daysarticle2/updater2.3.3.php'
2019-04-18 18:10:10 -  - TIME UpdateStepModules 0.002 sec
2019-04-18 18:10:10 - UPD_SUCCESS - Updated: redsign.daysarticle2 (2.3.3)<br>* Исправление ошибки конвертации валюты
2019-04-18 18:10:10 -  - exec CUpdateClientPartner::LoadModulesUpdates
2019-04-18 18:10:10 -  - exec CUpdateClientPartner::__CollectRequestData
2019-04-18 18:10:10 -  - utf=N&lang=ru&stable=Y&CANGZIP=Y&SUPD_DBS=MYSQL&XE=N&CLIENT_SITE=ci14500-bitrix.tw1.ru&LICENSE_KEY=X&SUPD_STS=1&SUPD_URS=0&SUPD_URSA=1&TYPENC=D&CLIENT_PHPVER=7.1.26&NGINX=Y&dbv=5.6.39&instm=main%2C18.1.5%2CY%3Bseo%2C18.5.0%2CN%3Bbitrix.eshop%2C18.0.0%2CN%3Bclouds%2C18.0.0%2CN%3Bhighloadblock%2C18.5.0%2CN%3Bsale%2C18.5.6%2CN%3Bcompression%2C16.0.0%2CN%3Bvote%2C17.5.1%2CN%3Btranslate%2C16.5.0%2CN%3Bconversion%2C17.5.0%2CN%3Bblog%2C18.1.0%2CN%3Bsearch%2C18.5.0%2CN%3Biblock%2C18.5.4%2CN%3Bbitrixcloud%2C18.5.0%2CN%3Bmessageservice%2C18.0.0%2CN%3Bphotogallery%2C18.0.0%2CN%3Bpull%2C17.5.5%2CN%3Bscale%2C17.5.0%2CN%3Bui%2C18.0.3%2CN%3Bsecurity%2C18.5.0%2CN%3Bforum%2C18.0.3%2CN%3Beshopapp%2C16.5.0%2CN%3Bmobileapp%2C18.0.2%2CN%3Bsubscribe%2C18.5.0%2CN%3Bstoreassist%2C18.1.0%2CN%3Brest%2C18.5.2%2CN%3Bcurrency%2C18.5.0%2CN%3Blanding%2C18.5.9%2CN%3Bredsign.daysarticle2%2C2.3.3%2CN%3Bbitrix.sitecorporate%2C15.5.0%2CN%3Bform%2C18.0.0%2CN%3Babtest%2C17.5.0%2CN%3Bperfmon%2C18.5.0%2CN%3Bfileman%2C18.0.4%2CN%3Breport%2C18.0.7%2CN%3Bsender%2C18.1.3%2CN%3Bb24connector%2C18.0.0%2CN%3Bsocialservices%2C18.0.3%2CN%3Bcatalog%2C18.5.5%2CN&reqm=redsign.daysarticle2&lim=Y&SUPD_SRS=RU&SUPD_CMP=N
2019-04-18 18:10:10 -  - exec CUpdateClientPartner::GetHTTPPage
2019-04-18 18:10:11 -  - TIME LoadModulesUpdates(request) 0.329 sec
2019-04-18 18:10:11 -  - exec CUpdateClientPartner::ParseServerData
2019-04-18 18:10:11 - S - STEP
2019-04-18 18:10:11 - LMU01 - LoadModulesUpdates-Step
2019-04-18 18:10:11 -  - exec CUpdateClientPartner::LoadModulesUpdates
2019-04-18 18:10:11 -  - exec CUpdateClientPartner::ParseServerData
2019-04-18 18:10:11 -  - loadFile
2019-04-18 18:10:11 - U - RETURN
2019-04-18 18:10:11 -  - exec CUpdateClientPartner::UnGzipArchive
2019-04-18 18:10:11 -  - TIME UnGzipArchive 0.001 sec
2019-04-18 18:10:11 - CSURUS1 - Run updater '/bitrix/updates/update_m1555600211/redsign.daysarticle2/updater2.3.4.php'
2019-04-18 18:10:11 -  - TIME UpdateStepModules 0.001 sec
2019-04-18 18:10:11 - UPD_SUCCESS - Updated: redsign.daysarticle2 (2.3.4)<br>* Мелкие исправления для устранения PHP предупреждений
2019-04-18 18:10:11 -  - exec CUpdateClientPartner::LoadModulesUpdates
2019-04-18 18:10:11 -  - exec CUpdateClientPartner::__CollectRequestData
2019-04-18 18:10:11 -  - utf=N&lang=ru&stable=Y&CANGZIP=Y&SUPD_DBS=MYSQL&XE=N&CLIENT_SITE=ci14500-bitrix.tw1.ru&LICENSE_KEY=X&SUPD_STS=1&SUPD_URS=0&SUPD_URSA=1&TYPENC=D&CLIENT_PHPVER=7.1.26&NGINX=Y&dbv=5.6.39&instm=main%2C18.1.5%2CY%3Bseo%2C18.5.0%2CN%3Bbitrix.eshop%2C18.0.0%2CN%3Bclouds%2C18.0.0%2CN%3Bhighloadblock%2C18.5.0%2CN%3Bsale%2C18.5.6%2CN%3Bcompression%2C16.0.0%2CN%3Bvote%2C17.5.1%2CN%3Btranslate%2C16.5.0%2CN%3Bconversion%2C17.5.0%2CN%3Bblog%2C18.1.0%2CN%3Bsearch%2C18.5.0%2CN%3Biblock%2C18.5.4%2CN%3Bbitrixcloud%2C18.5.0%2CN%3Bmessageservice%2C18.0.0%2CN%3Bphotogallery%2C18.0.0%2CN%3Bpull%2C17.5.5%2CN%3Bscale%2C17.5.0%2CN%3Bui%2C18.0.3%2CN%3Bsecurity%2C18.5.0%2CN%3Bforum%2C18.0.3%2CN%3Beshopapp%2C16.5.0%2CN%3Bmobileapp%2C18.0.2%2CN%3Bsubscribe%2C18.5.0%2CN%3Bstoreassist%2C18.1.0%2CN%3Brest%2C18.5.2%2CN%3Bcurrency%2C18.5.0%2CN%3Blanding%2C18.5.9%2CN%3Bredsign.daysarticle2%2C2.3.4%2CN%3Bbitrix.sitecorporate%2C15.5.0%2CN%3Bform%2C18.0.0%2CN%3Babtest%2C17.5.0%2CN%3Bperfmon%2C18.5.0%2CN%3Bfileman%2C18.0.4%2CN%3Breport%2C18.0.7%2CN%3Bsender%2C18.1.3%2CN%3Bb24connector%2C18.0.0%2CN%3Bsocialservices%2C18.0.3%2CN%3Bcatalog%2C18.5.5%2CN&reqm=redsign.daysarticle2&lim=Y&SUPD_SRS=RU&SUPD_CMP=N
2019-04-18 18:10:11 -  - exec CUpdateClientPartner::GetHTTPPage
2019-04-18 18:10:11 -  - TIME LoadModulesUpdates(request) 0.345 sec
2019-04-18 18:10:11 -  - exec CUpdateClientPartner::ParseServerData
2019-04-18 18:10:11 - S - STEP
2019-04-18 18:10:11 - LMU01 - LoadModulesUpdates-Step
2019-04-18 18:10:11 -  - exec CUpdateClientPartner::LoadModulesUpdates
2019-04-18 18:10:11 -  - exec CUpdateClientPartner::ParseServerData
2019-04-18 18:10:11 -  - loadFile
2019-04-18 18:10:11 - U - RETURN
2019-04-18 18:10:11 -  - exec CUpdateClientPartner::UnGzipArchive
2019-04-18 18:10:11 -  - TIME UnGzipArchive 0.001 sec
2019-04-18 18:10:11 - CSURUS1 - Run updater '/bitrix/updates/update_m1555600211/redsign.daysarticle2/updater2.3.5.php'
2019-04-18 18:10:11 -  - TIME UpdateStepModules 0.001 sec
2019-04-18 18:10:11 - UPD_SUCCESS - Updated: redsign.daysarticle2 (2.3.5)<br>* Мелкие исправления для устранения PHP предупреждений
2019-04-18 18:10:11 -  - exec CUpdateClientPartner::LoadModulesUpdates
2019-04-18 18:10:11 -  - exec CUpdateClientPartner::__CollectRequestData
2019-04-18 18:10:11 -  - utf=N&lang=ru&stable=Y&CANGZIP=Y&SUPD_DBS=MYSQL&XE=N&CLIENT_SITE=ci14500-bitrix.tw1.ru&LICENSE_KEY=X&SUPD_STS=1&SUPD_URS=0&SUPD_URSA=1&TYPENC=D&CLIENT_PHPVER=7.1.26&NGINX=Y&dbv=5.6.39&instm=main%2C18.1.5%2CY%3Bseo%2C18.5.0%2CN%3Bbitrix.eshop%2C18.0.0%2CN%3Bclouds%2C18.0.0%2CN%3Bhighloadblock%2C18.5.0%2CN%3Bsale%2C18.5.6%2CN%3Bcompression%2C16.0.0%2CN%3Bvote%2C17.5.1%2CN%3Btranslate%2C16.5.0%2CN%3Bconversion%2C17.5.0%2CN%3Bblog%2C18.1.0%2CN%3Bsearch%2C18.5.0%2CN%3Biblock%2C18.5.4%2CN%3Bbitrixcloud%2C18.5.0%2CN%3Bmessageservice%2C18.0.0%2CN%3Bphotogallery%2C18.0.0%2CN%3Bpull%2C17.5.5%2CN%3Bscale%2C17.5.0%2CN%3Bui%2C18.0.3%2CN%3Bsecurity%2C18.5.0%2CN%3Bforum%2C18.0.3%2CN%3Beshopapp%2C16.5.0%2CN%3Bmobileapp%2C18.0.2%2CN%3Bsubscribe%2C18.5.0%2CN%3Bstoreassist%2C18.1.0%2CN%3Brest%2C18.5.2%2CN%3Bcurrency%2C18.5.0%2CN%3Blanding%2C18.5.9%2CN%3Bredsign.daysarticle2%2C2.3.5%2CN%3Bbitrix.sitecorporate%2C15.5.0%2CN%3Bform%2C18.0.0%2CN%3Babtest%2C17.5.0%2CN%3Bperfmon%2C18.5.0%2CN%3Bfileman%2C18.0.4%2CN%3Breport%2C18.0.7%2CN%3Bsender%2C18.1.3%2CN%3Bb24connector%2C18.0.0%2CN%3Bsocialservices%2C18.0.3%2CN%3Bcatalog%2C18.5.5%2CN&reqm=redsign.daysarticle2&lim=Y&SUPD_SRS=RU&SUPD_CMP=N
2019-04-18 18:10:11 -  - exec CUpdateClientPartner::GetHTTPPage
2019-04-18 18:10:12 -  - TIME LoadModulesUpdates(request) 0.283 sec
2019-04-18 18:10:12 -  - exec CUpdateClientPartner::ParseServerData
2019-04-18 18:10:12 - S - STEP
2019-04-18 18:10:12 - LMU01 - LoadModulesUpdates-Step
2019-04-18 18:10:12 -  - exec CUpdateClientPartner::LoadModulesUpdates
2019-04-18 18:10:12 -  - exec CUpdateClientPartner::ParseServerData
2019-04-18 18:10:12 -  - loadFile
2019-04-18 18:10:12 - U - RETURN
2019-04-18 18:10:12 -  - exec CUpdateClientPartner::UnGzipArchive
2019-04-18 18:10:12 -  - TIME UnGzipArchive 0.002 sec
2019-04-18 18:10:12 - CSURUS1 - Run updater '/bitrix/updates/update_m1555600212/redsign.daysarticle2/updater3.0.0.php'
2019-04-18 18:10:12 -  - TIME UpdateStepModules 0.005 sec
2019-04-18 18:10:12 - UPD_SUCCESS - Updated: redsign.daysarticle2 (3.0.0)<br>* Добавлена поддержка многосайтовости * Добавлен выбор типа скидки (в процентах, фиксированная сумма или новая цена) * Добавлена поддержка указания валюты * Теперь поле с указание кол-ва продаваемых по акции товаров активно только при включенном колчественном учете в системе * Мелкие интерфейсные изменения * Исправление мелких ошибок * Добавлена поддержка EN языка Для разработчиков * Из таблицы удален столбец DISCOUNT_ID, теперь идентификаторы скидок всегда хранятся в DISCOUNT_ID_ARRAY
2019-04-18 18:10:12 -  - exec CUpdateClientPartner::LoadModulesUpdates
2019-04-18 18:10:12 -  - exec CUpdateClientPartner::__CollectRequestData
2019-04-18 18:10:12 -  - utf=N&lang=ru&stable=Y&CANGZIP=Y&SUPD_DBS=MYSQL&XE=N&CLIENT_SITE=ci14500-bitrix.tw1.ru&LICENSE_KEY=X&SUPD_STS=1&SUPD_URS=0&SUPD_URSA=1&TYPENC=D&CLIENT_PHPVER=7.1.26&NGINX=Y&dbv=5.6.39&instm=main%2C18.1.5%2CY%3Bseo%2C18.5.0%2CN%3Bbitrix.eshop%2C18.0.0%2CN%3Bclouds%2C18.0.0%2CN%3Bhighloadblock%2C18.5.0%2CN%3Bsale%2C18.5.6%2CN%3Bcompression%2C16.0.0%2CN%3Bvote%2C17.5.1%2CN%3Btranslate%2C16.5.0%2CN%3Bconversion%2C17.5.0%2CN%3Bblog%2C18.1.0%2CN%3Bsearch%2C18.5.0%2CN%3Biblock%2C18.5.4%2CN%3Bbitrixcloud%2C18.5.0%2CN%3Bmessageservice%2C18.0.0%2CN%3Bphotogallery%2C18.0.0%2CN%3Bpull%2C17.5.5%2CN%3Bscale%2C17.5.0%2CN%3Bui%2C18.0.3%2CN%3Bsecurity%2C18.5.0%2CN%3Bforum%2C18.0.3%2CN%3Beshopapp%2C16.5.0%2CN%3Bmobileapp%2C18.0.2%2CN%3Bsubscribe%2C18.5.0%2CN%3Bstoreassist%2C18.1.0%2CN%3Brest%2C18.5.2%2CN%3Bcurrency%2C18.5.0%2CN%3Blanding%2C18.5.9%2CN%3Bredsign.daysarticle2%2C3.0.0%2CN%3Bbitrix.sitecorporate%2C15.5.0%2CN%3Bform%2C18.0.0%2CN%3Babtest%2C17.5.0%2CN%3Bperfmon%2C18.5.0%2CN%3Bfileman%2C18.0.4%2CN%3Breport%2C18.0.7%2CN%3Bsender%2C18.1.3%2CN%3Bb24connector%2C18.0.0%2CN%3Bsocialservices%2C18.0.3%2CN%3Bcatalog%2C18.5.5%2CN&reqm=redsign.daysarticle2&lim=Y&SUPD_SRS=RU&SUPD_CMP=N
2019-04-18 18:10:12 -  - exec CUpdateClientPartner::GetHTTPPage
2019-04-18 18:10:12 -  - TIME LoadModulesUpdates(request) 0.346 sec
2019-04-18 18:10:12 -  - exec CUpdateClientPartner::ParseServerData
2019-04-18 18:10:12 - S - STEP
2019-04-18 18:10:12 - LMU01 - LoadModulesUpdates-Step
2019-04-18 18:10:12 -  - exec CUpdateClientPartner::LoadModulesUpdates
2019-04-18 18:10:12 -  - exec CUpdateClientPartner::ParseServerData
2019-04-18 18:10:12 -  - loadFile
2019-04-18 18:10:12 - U - RETURN
2019-04-18 18:10:12 -  - exec CUpdateClientPartner::UnGzipArchive
2019-04-18 18:10:12 -  - TIME UnGzipArchive 0.001 sec
2019-04-18 18:10:12 - CSURUS1 - Run updater '/bitrix/updates/update_m1555600212/redsign.daysarticle2/updater3.0.1.php'
2019-04-18 18:10:12 -  - TIME UpdateStepModules 0.003 sec
2019-04-18 18:10:12 - UPD_SUCCESS - Updated: redsign.daysarticle2 (3.0.1)<br>* Исправление ошибок перевода
2019-04-18 18:10:13 -  - exec CUpdateClientPartner::LoadModulesUpdates
2019-04-18 18:10:13 -  - exec CUpdateClientPartner::__CollectRequestData
2019-04-18 18:10:13 -  - utf=N&lang=ru&stable=Y&CANGZIP=Y&SUPD_DBS=MYSQL&XE=N&CLIENT_SITE=ci14500-bitrix.tw1.ru&LICENSE_KEY=X&SUPD_STS=1&SUPD_URS=0&SUPD_URSA=1&TYPENC=D&CLIENT_PHPVER=7.1.26&NGINX=Y&dbv=5.6.39&instm=main%2C18.1.5%2CY%3Bseo%2C18.5.0%2CN%3Bbitrix.eshop%2C18.0.0%2CN%3Bclouds%2C18.0.0%2CN%3Bhighloadblock%2C18.5.0%2CN%3Bsale%2C18.5.6%2CN%3Bcompression%2C16.0.0%2CN%3Bvote%2C17.5.1%2CN%3Btranslate%2C16.5.0%2CN%3Bconversion%2C17.5.0%2CN%3Bblog%2C18.1.0%2CN%3Bsearch%2C18.5.0%2CN%3Biblock%2C18.5.4%2CN%3Bbitrixcloud%2C18.5.0%2CN%3Bmessageservice%2C18.0.0%2CN%3Bphotogallery%2C18.0.0%2CN%3Bpull%2C17.5.5%2CN%3Bscale%2C17.5.0%2CN%3Bui%2C18.0.3%2CN%3Bsecurity%2C18.5.0%2CN%3Bforum%2C18.0.3%2CN%3Beshopapp%2C16.5.0%2CN%3Bmobileapp%2C18.0.2%2CN%3Bsubscribe%2C18.5.0%2CN%3Bstoreassist%2C18.1.0%2CN%3Brest%2C18.5.2%2CN%3Bcurrency%2C18.5.0%2CN%3Blanding%2C18.5.9%2CN%3Bredsign.daysarticle2%2C3.0.1%2CN%3Bbitrix.sitecorporate%2C15.5.0%2CN%3Bform%2C18.0.0%2CN%3Babtest%2C17.5.0%2CN%3Bperfmon%2C18.5.0%2CN%3Bfileman%2C18.0.4%2CN%3Breport%2C18.0.7%2CN%3Bsender%2C18.1.3%2CN%3Bb24connector%2C18.0.0%2CN%3Bsocialservices%2C18.0.3%2CN%3Bcatalog%2C18.5.5%2CN&reqm=redsign.daysarticle2&lim=Y&SUPD_SRS=RU&SUPD_CMP=N
2019-04-18 18:10:13 -  - exec CUpdateClientPartner::GetHTTPPage
2019-04-18 18:10:13 -  - TIME LoadModulesUpdates(request) 0.301 sec
2019-04-18 18:10:13 -  - exec CUpdateClientPartner::ParseServerData
2019-04-18 18:10:13 - S - STEP
2019-04-18 18:10:13 - LMU01 - LoadModulesUpdates-Step
2019-04-18 18:10:13 -  - exec CUpdateClientPartner::LoadModulesUpdates
2019-04-18 18:10:13 -  - exec CUpdateClientPartner::ParseServerData
2019-04-18 18:10:13 -  - loadFile
2019-04-18 18:10:13 - U - RETURN
2019-04-18 18:10:13 -  - exec CUpdateClientPartner::UnGzipArchive
2019-04-18 18:10:13 -  - TIME UnGzipArchive 0.001 sec
2019-04-18 18:10:13 - CSURUS1 - Run updater '/bitrix/updates/update_m1555600213/redsign.daysarticle2/updater3.1.0.php'
2019-04-18 18:10:13 -  - TIME UpdateStepModules 0.002 sec
2019-04-18 18:10:13 - UPD_SUCCESS - Updated: redsign.daysarticle2 (3.1.0)<br>* Исправление ошибок последнего обновления
2019-04-18 18:10:13 -  - exec CUpdateClientPartner::LoadModulesUpdates
2019-04-18 18:10:13 -  - exec CUpdateClientPartner::__CollectRequestData
2019-04-18 18:10:13 -  - utf=N&lang=ru&stable=Y&CANGZIP=Y&SUPD_DBS=MYSQL&XE=N&CLIENT_SITE=ci14500-bitrix.tw1.ru&LICENSE_KEY=X&SUPD_STS=1&SUPD_URS=0&SUPD_URSA=1&TYPENC=D&CLIENT_PHPVER=7.1.26&NGINX=Y&dbv=5.6.39&instm=main%2C18.1.5%2CY%3Bseo%2C18.5.0%2CN%3Bbitrix.eshop%2C18.0.0%2CN%3Bclouds%2C18.0.0%2CN%3Bhighloadblock%2C18.5.0%2CN%3Bsale%2C18.5.6%2CN%3Bcompression%2C16.0.0%2CN%3Bvote%2C17.5.1%2CN%3Btranslate%2C16.5.0%2CN%3Bconversion%2C17.5.0%2CN%3Bblog%2C18.1.0%2CN%3Bsearch%2C18.5.0%2CN%3Biblock%2C18.5.4%2CN%3Bbitrixcloud%2C18.5.0%2CN%3Bmessageservice%2C18.0.0%2CN%3Bphotogallery%2C18.0.0%2CN%3Bpull%2C17.5.5%2CN%3Bscale%2C17.5.0%2CN%3Bui%2C18.0.3%2CN%3Bsecurity%2C18.5.0%2CN%3Bforum%2C18.0.3%2CN%3Beshopapp%2C16.5.0%2CN%3Bmobileapp%2C18.0.2%2CN%3Bsubscribe%2C18.5.0%2CN%3Bstoreassist%2C18.1.0%2CN%3Brest%2C18.5.2%2CN%3Bcurrency%2C18.5.0%2CN%3Blanding%2C18.5.9%2CN%3Bredsign.daysarticle2%2C3.1.0%2CN%3Bbitrix.sitecorporate%2C15.5.0%2CN%3Bform%2C18.0.0%2CN%3Babtest%2C17.5.0%2CN%3Bperfmon%2C18.5.0%2CN%3Bfileman%2C18.0.4%2CN%3Breport%2C18.0.7%2CN%3Bsender%2C18.1.3%2CN%3Bb24connector%2C18.0.0%2CN%3Bsocialservices%2C18.0.3%2CN%3Bcatalog%2C18.5.5%2CN&reqm=redsign.daysarticle2&lim=Y&SUPD_SRS=RU&SUPD_CMP=N
2019-04-18 18:10:13 -  - exec CUpdateClientPartner::GetHTTPPage
2019-04-18 18:10:13 -  - TIME LoadModulesUpdates(request) 0.319 sec
2019-04-18 18:10:13 -  - exec CUpdateClientPartner::ParseServerData
2019-04-18 18:10:13 - S - STEP
2019-04-18 18:10:13 - LMU01 - LoadModulesUpdates-Step
2019-04-18 18:10:13 -  - exec CUpdateClientPartner::LoadModulesUpdates
2019-04-18 18:10:13 -  - exec CUpdateClientPartner::ParseServerData
2019-04-18 18:10:13 -  - loadFile
2019-04-18 18:10:14 - U - RETURN
2019-04-18 18:10:14 -  - exec CUpdateClientPartner::UnGzipArchive
2019-04-18 18:10:14 -  - TIME UnGzipArchive 0.001 sec
2019-04-18 18:10:14 - CSURUS1 - Run updater '/bitrix/updates/update_m1555600214/redsign.daysarticle2/updater3.1.1.php'
2019-04-18 18:10:14 -  - TIME UpdateStepModules 0.001 sec
2019-04-18 18:10:14 - UPD_SUCCESS - Updated: redsign.daysarticle2 (3.1.1)<br>* Исправление ошибок
2019-04-18 18:10:14 -  - exec CUpdateClientPartner::LoadModulesUpdates
2019-04-18 18:10:14 -  - exec CUpdateClientPartner::__CollectRequestData
2019-04-18 18:10:14 -  - utf=N&lang=ru&stable=Y&CANGZIP=Y&SUPD_DBS=MYSQL&XE=N&CLIENT_SITE=ci14500-bitrix.tw1.ru&LICENSE_KEY=X&SUPD_STS=1&SUPD_URS=0&SUPD_URSA=1&TYPENC=D&CLIENT_PHPVER=7.1.26&NGINX=Y&dbv=5.6.39&instm=main%2C18.1.5%2CY%3Bseo%2C18.5.0%2CN%3Bbitrix.eshop%2C18.0.0%2CN%3Bclouds%2C18.0.0%2CN%3Bhighloadblock%2C18.5.0%2CN%3Bsale%2C18.5.6%2CN%3Bcompression%2C16.0.0%2CN%3Bvote%2C17.5.1%2CN%3Btranslate%2C16.5.0%2CN%3Bconversion%2C17.5.0%2CN%3Bblog%2C18.1.0%2CN%3Bsearch%2C18.5.0%2CN%3Biblock%2C18.5.4%2CN%3Bbitrixcloud%2C18.5.0%2CN%3Bmessageservice%2C18.0.0%2CN%3Bphotogallery%2C18.0.0%2CN%3Bpull%2C17.5.5%2CN%3Bscale%2C17.5.0%2CN%3Bui%2C18.0.3%2CN%3Bsecurity%2C18.5.0%2CN%3Bforum%2C18.0.3%2CN%3Beshopapp%2C16.5.0%2CN%3Bmobileapp%2C18.0.2%2CN%3Bsubscribe%2C18.5.0%2CN%3Bstoreassist%2C18.1.0%2CN%3Brest%2C18.5.2%2CN%3Bcurrency%2C18.5.0%2CN%3Blanding%2C18.5.9%2CN%3Bredsign.daysarticle2%2C3.1.1%2CN%3Bbitrix.sitecorporate%2C15.5.0%2CN%3Bform%2C18.0.0%2CN%3Babtest%2C17.5.0%2CN%3Bperfmon%2C18.5.0%2CN%3Bfileman%2C18.0.4%2CN%3Breport%2C18.0.7%2CN%3Bsender%2C18.1.3%2CN%3Bb24connector%2C18.0.0%2CN%3Bsocialservices%2C18.0.3%2CN%3Bcatalog%2C18.5.5%2CN&reqm=redsign.daysarticle2&lim=Y&SUPD_SRS=RU&SUPD_CMP=N
2019-04-18 18:10:14 -  - exec CUpdateClientPartner::GetHTTPPage
2019-04-18 18:10:14 -  - TIME LoadModulesUpdates(request) 0.477 sec
2019-04-18 18:10:14 -  - exec CUpdateClientPartner::ParseServerData
2019-04-18 18:10:14 - S - STEP
2019-04-18 18:10:14 - LMU01 - LoadModulesUpdates-Step
2019-04-18 18:10:14 -  - exec CUpdateClientPartner::LoadModulesUpdates
2019-04-18 18:10:14 -  - exec CUpdateClientPartner::ParseServerData
2019-04-18 18:10:14 -  - loadFile
2019-04-18 18:10:15 - U - RETURN
2019-04-18 18:10:15 -  - exec CUpdateClientPartner::UnGzipArchive
2019-04-18 18:10:15 -  - TIME UnGzipArchive 0.096 sec
2019-04-18 18:10:15 - CSURUS1 - Run updater '/bitrix/updates/update_m1555600215/redsign.daysarticle2/updater4.0.0.php'
2019-04-18 18:10:15 -  - TIME UpdateStepModules 0.067 sec
2019-04-18 18:10:15 - UPD_SUCCESS - Updated: redsign.daysarticle2 (4.0.0)<br>* Исправление ошибок * Добавлено 15 новых шаблонов
2019-04-18 18:10:15 -  - exec CUpdateClientPartner::LoadModulesUpdates
2019-04-18 18:10:15 -  - exec CUpdateClientPartner::__CollectRequestData
2019-04-18 18:10:15 -  - utf=N&lang=ru&stable=Y&CANGZIP=Y&SUPD_DBS=MYSQL&XE=N&CLIENT_SITE=ci14500-bitrix.tw1.ru&LICENSE_KEY=X&SUPD_STS=1&SUPD_URS=0&SUPD_URSA=1&TYPENC=D&CLIENT_PHPVER=7.1.26&NGINX=Y&dbv=5.6.39&instm=main%2C18.1.5%2CY%3Bseo%2C18.5.0%2CN%3Bbitrix.eshop%2C18.0.0%2CN%3Bclouds%2C18.0.0%2CN%3Bhighloadblock%2C18.5.0%2CN%3Bsale%2C18.5.6%2CN%3Bcompression%2C16.0.0%2CN%3Bvote%2C17.5.1%2CN%3Btranslate%2C16.5.0%2CN%3Bconversion%2C17.5.0%2CN%3Bblog%2C18.1.0%2CN%3Bsearch%2C18.5.0%2CN%3Biblock%2C18.5.4%2CN%3Bbitrixcloud%2C18.5.0%2CN%3Bmessageservice%2C18.0.0%2CN%3Bphotogallery%2C18.0.0%2CN%3Bpull%2C17.5.5%2CN%3Bscale%2C17.5.0%2CN%3Bui%2C18.0.3%2CN%3Bsecurity%2C18.5.0%2CN%3Bforum%2C18.0.3%2CN%3Beshopapp%2C16.5.0%2CN%3Bmobileapp%2C18.0.2%2CN%3Bsubscribe%2C18.5.0%2CN%3Bstoreassist%2C18.1.0%2CN%3Brest%2C18.5.2%2CN%3Bcurrency%2C18.5.0%2CN%3Blanding%2C18.5.9%2CN%3Bredsign.daysarticle2%2C4.0.0%2CN%3Bbitrix.sitecorporate%2C15.5.0%2CN%3Bform%2C18.0.0%2CN%3Babtest%2C17.5.0%2CN%3Bperfmon%2C18.5.0%2CN%3Bfileman%2C18.0.4%2CN%3Breport%2C18.0.7%2CN%3Bsender%2C18.1.3%2CN%3Bb24connector%2C18.0.0%2CN%3Bsocialservices%2C18.0.3%2CN%3Bcatalog%2C18.5.5%2CN&reqm=redsign.daysarticle2&lim=Y&SUPD_SRS=RU&SUPD_CMP=N
2019-04-18 18:10:15 -  - exec CUpdateClientPartner::GetHTTPPage
2019-04-18 18:10:16 -  - TIME LoadModulesUpdates(request) 0.302 sec
2019-04-18 18:10:16 -  - exec CUpdateClientPartner::ParseServerData
2019-04-18 18:10:16 - S - STEP
2019-04-18 18:10:16 - LMU01 - LoadModulesUpdates-Step
2019-04-18 18:10:16 -  - exec CUpdateClientPartner::LoadModulesUpdates
2019-04-18 18:10:16 -  - exec CUpdateClientPartner::ParseServerData
2019-04-18 18:10:16 -  - loadFile
2019-04-18 18:10:17 - U - RETURN
2019-04-18 18:10:17 -  - exec CUpdateClientPartner::UnGzipArchive
2019-04-18 18:10:17 -  - TIME UnGzipArchive 0.097 sec
2019-04-18 18:10:17 - CSURUS1 - Run updater '/bitrix/updates/update_m1555600217/redsign.daysarticle2/updater4.0.1.php'
2019-04-18 18:10:17 -  - TIME UpdateStepModules 0.072 sec
2019-04-18 18:10:17 - UPD_SUCCESS - Updated: redsign.daysarticle2 (4.0.1)<br>* Исправление мелких ошибок
2019-04-18 18:10:17 -  - exec CUpdateClientPartner::LoadModulesUpdates
2019-04-18 18:10:17 -  - exec CUpdateClientPartner::__CollectRequestData
2019-04-18 18:10:17 -  - utf=N&lang=ru&stable=Y&CANGZIP=Y&SUPD_DBS=MYSQL&XE=N&CLIENT_SITE=ci14500-bitrix.tw1.ru&LICENSE_KEY=X&SUPD_STS=1&SUPD_URS=0&SUPD_URSA=1&TYPENC=D&CLIENT_PHPVER=7.1.26&NGINX=Y&dbv=5.6.39&instm=main%2C18.1.5%2CY%3Bseo%2C18.5.0%2CN%3Bbitrix.eshop%2C18.0.0%2CN%3Bclouds%2C18.0.0%2CN%3Bhighloadblock%2C18.5.0%2CN%3Bsale%2C18.5.6%2CN%3Bcompression%2C16.0.0%2CN%3Bvote%2C17.5.1%2CN%3Btranslate%2C16.5.0%2CN%3Bconversion%2C17.5.0%2CN%3Bblog%2C18.1.0%2CN%3Bsearch%2C18.5.0%2CN%3Biblock%2C18.5.4%2CN%3Bbitrixcloud%2C18.5.0%2CN%3Bmessageservice%2C18.0.0%2CN%3Bphotogallery%2C18.0.0%2CN%3Bpull%2C17.5.5%2CN%3Bscale%2C17.5.0%2CN%3Bui%2C18.0.3%2CN%3Bsecurity%2C18.5.0%2CN%3Bforum%2C18.0.3%2CN%3Beshopapp%2C16.5.0%2CN%3Bmobileapp%2C18.0.2%2CN%3Bsubscribe%2C18.5.0%2CN%3Bstoreassist%2C18.1.0%2CN%3Brest%2C18.5.2%2CN%3Bcurrency%2C18.5.0%2CN%3Blanding%2C18.5.9%2CN%3Bredsign.daysarticle2%2C4.0.1%2CN%3Bbitrix.sitecorporate%2C15.5.0%2CN%3Bform%2C18.0.0%2CN%3Babtest%2C17.5.0%2CN%3Bperfmon%2C18.5.0%2CN%3Bfileman%2C18.0.4%2CN%3Breport%2C18.0.7%2CN%3Bsender%2C18.1.3%2CN%3Bb24connector%2C18.0.0%2CN%3Bsocialservices%2C18.0.3%2CN%3Bcatalog%2C18.5.5%2CN&reqm=redsign.daysarticle2&lim=Y&SUPD_SRS=RU&SUPD_CMP=N
2019-04-18 18:10:17 -  - exec CUpdateClientPartner::GetHTTPPage
2019-04-18 18:10:17 -  - TIME LoadModulesUpdates(request) 0.315 sec
2019-04-18 18:10:17 -  - exec CUpdateClientPartner::ParseServerData
2019-04-18 18:10:17 - S - STEP
2019-04-18 18:10:17 - LMU01 - LoadModulesUpdates-Step
2019-04-18 18:10:17 -  - exec CUpdateClientPartner::LoadModulesUpdates
2019-04-18 18:10:17 -  - exec CUpdateClientPartner::ParseServerData
2019-04-18 18:10:17 -  - loadFile
2019-04-18 18:10:18 - U - RETURN
2019-04-18 18:10:18 -  - exec CUpdateClientPartner::UnGzipArchive
2019-04-18 18:10:18 -  - TIME UnGzipArchive 0.001 sec
2019-04-18 18:10:18 - CSURUS1 - Run updater '/bitrix/updates/update_m1555600218/redsign.daysarticle2/updater4.1.0.php'
2019-04-18 18:10:18 -  - TIME UpdateStepModules 0.001 sec
2019-04-18 18:10:18 - UPD_SUCCESS - Updated: redsign.daysarticle2 (4.1.0)<br>* Актуализация функционала модуля до функционала 1С-Битрикс 15.0 (обновляться только, если у вас 1С-Битрикс v15 и выше)
2019-04-18 18:10:18 -  - exec CUpdateClientPartner::LoadModulesUpdates
2019-04-18 18:10:18 -  - exec CUpdateClientPartner::__CollectRequestData
2019-04-18 18:10:18 -  - utf=N&lang=ru&stable=Y&CANGZIP=Y&SUPD_DBS=MYSQL&XE=N&CLIENT_SITE=ci14500-bitrix.tw1.ru&LICENSE_KEY=X&SUPD_STS=1&SUPD_URS=0&SUPD_URSA=1&TYPENC=D&CLIENT_PHPVER=7.1.26&NGINX=Y&dbv=5.6.39&instm=main%2C18.1.5%2CY%3Bseo%2C18.5.0%2CN%3Bbitrix.eshop%2C18.0.0%2CN%3Bclouds%2C18.0.0%2CN%3Bhighloadblock%2C18.5.0%2CN%3Bsale%2C18.5.6%2CN%3Bcompression%2C16.0.0%2CN%3Bvote%2C17.5.1%2CN%3Btranslate%2C16.5.0%2CN%3Bconversion%2C17.5.0%2CN%3Bblog%2C18.1.0%2CN%3Bsearch%2C18.5.0%2CN%3Biblock%2C18.5.4%2CN%3Bbitrixcloud%2C18.5.0%2CN%3Bmessageservice%2C18.0.0%2CN%3Bphotogallery%2C18.0.0%2CN%3Bpull%2C17.5.5%2CN%3Bscale%2C17.5.0%2CN%3Bui%2C18.0.3%2CN%3Bsecurity%2C18.5.0%2CN%3Bforum%2C18.0.3%2CN%3Beshopapp%2C16.5.0%2CN%3Bmobileapp%2C18.0.2%2CN%3Bsubscribe%2C18.5.0%2CN%3Bstoreassist%2C18.1.0%2CN%3Brest%2C18.5.2%2CN%3Bcurrency%2C18.5.0%2CN%3Blanding%2C18.5.9%2CN%3Bredsign.daysarticle2%2C4.1.0%2CN%3Bbitrix.sitecorporate%2C15.5.0%2CN%3Bform%2C18.0.0%2CN%3Babtest%2C17.5.0%2CN%3Bperfmon%2C18.5.0%2CN%3Bfileman%2C18.0.4%2CN%3Breport%2C18.0.7%2CN%3Bsender%2C18.1.3%2CN%3Bb24connector%2C18.0.0%2CN%3Bsocialservices%2C18.0.3%2CN%3Bcatalog%2C18.5.5%2CN&reqm=redsign.daysarticle2&lim=Y&SUPD_SRS=RU&SUPD_CMP=N
2019-04-18 18:10:18 -  - exec CUpdateClientPartner::GetHTTPPage
2019-04-18 18:10:18 -  - TIME LoadModulesUpdates(request) 0.297 sec
2019-04-18 18:10:18 -  - exec CUpdateClientPartner::ParseServerData
2019-04-18 18:10:18 - S - STEP
2019-04-18 18:10:18 - LMU01 - LoadModulesUpdates-Step
2019-04-18 18:10:18 -  - exec CUpdateClientPartner::LoadModulesUpdates
2019-04-18 18:10:18 -  - exec CUpdateClientPartner::ParseServerData
2019-04-18 18:10:18 -  - loadFile
2019-04-18 18:10:18 - U - RETURN
2019-04-18 18:10:18 -  - exec CUpdateClientPartner::UnGzipArchive
2019-04-18 18:10:18 -  - TIME UnGzipArchive 0.001 sec
2019-04-18 18:10:18 - CSURUS1 - Run updater '/bitrix/updates/update_m1555600218/redsign.daysarticle2/updater4.1.1.php'
2019-04-18 18:10:18 -  - TIME UpdateStepModules 0.001 sec
2019-04-18 18:10:18 - UPD_SUCCESS - Updated: redsign.daysarticle2 (4.1.1)<br>* Исправление ошибки уменьшения кол-ва товаров по акции при включенном количественном учете
2019-04-18 18:10:18 -  - exec CUpdateClientPartner::LoadModulesUpdates
2019-04-18 18:10:18 -  - exec CUpdateClientPartner::__CollectRequestData
2019-04-18 18:10:18 -  - utf=N&lang=ru&stable=Y&CANGZIP=Y&SUPD_DBS=MYSQL&XE=N&CLIENT_SITE=ci14500-bitrix.tw1.ru&LICENSE_KEY=X&SUPD_STS=1&SUPD_URS=0&SUPD_URSA=1&TYPENC=D&CLIENT_PHPVER=7.1.26&NGINX=Y&dbv=5.6.39&instm=main%2C18.1.5%2CY%3Bseo%2C18.5.0%2CN%3Bbitrix.eshop%2C18.0.0%2CN%3Bclouds%2C18.0.0%2CN%3Bhighloadblock%2C18.5.0%2CN%3Bsale%2C18.5.6%2CN%3Bcompression%2C16.0.0%2CN%3Bvote%2C17.5.1%2CN%3Btranslate%2C16.5.0%2CN%3Bconversion%2C17.5.0%2CN%3Bblog%2C18.1.0%2CN%3Bsearch%2C18.5.0%2CN%3Biblock%2C18.5.4%2CN%3Bbitrixcloud%2C18.5.0%2CN%3Bmessageservice%2C18.0.0%2CN%3Bphotogallery%2C18.0.0%2CN%3Bpull%2C17.5.5%2CN%3Bscale%2C17.5.0%2CN%3Bui%2C18.0.3%2CN%3Bsecurity%2C18.5.0%2CN%3Bforum%2C18.0.3%2CN%3Beshopapp%2C16.5.0%2CN%3Bmobileapp%2C18.0.2%2CN%3Bsubscribe%2C18.5.0%2CN%3Bstoreassist%2C18.1.0%2CN%3Brest%2C18.5.2%2CN%3Bcurrency%2C18.5.0%2CN%3Blanding%2C18.5.9%2CN%3Bredsign.daysarticle2%2C4.1.1%2CN%3Bbitrix.sitecorporate%2C15.5.0%2CN%3Bform%2C18.0.0%2CN%3Babtest%2C17.5.0%2CN%3Bperfmon%2C18.5.0%2CN%3Bfileman%2C18.0.4%2CN%3Breport%2C18.0.7%2CN%3Bsender%2C18.1.3%2CN%3Bb24connector%2C18.0.0%2CN%3Bsocialservices%2C18.0.3%2CN%3Bcatalog%2C18.5.5%2CN&reqm=redsign.daysarticle2&lim=Y&SUPD_SRS=RU&SUPD_CMP=N
2019-04-18 18:10:18 -  - exec CUpdateClientPartner::GetHTTPPage
2019-04-18 18:10:18 -  - TIME LoadModulesUpdates(request) 0.308 sec
2019-04-18 18:10:18 -  - exec CUpdateClientPartner::ParseServerData
2019-04-18 18:10:18 - S - STEP
2019-04-18 18:10:18 - LMU01 - LoadModulesUpdates-Step
2019-04-18 18:10:19 -  - exec CUpdateClientPartner::LoadModulesUpdates
2019-04-18 18:10:19 -  - exec CUpdateClientPartner::ParseServerData
2019-04-18 18:10:19 -  - loadFile
2019-04-18 18:10:19 - U - RETURN
2019-04-18 18:10:19 -  - exec CUpdateClientPartner::UnGzipArchive
2019-04-18 18:10:19 -  - TIME UnGzipArchive 0.035 sec
2019-04-18 18:10:19 - CSURUS1 - Run updater '/bitrix/updates/update_m1555600219/redsign.daysarticle2/updater4.1.2.php'
2019-04-18 18:10:19 -  - TIME UpdateStepModules 0.027 sec
2019-04-18 18:10:19 - UPD_SUCCESS - Updated: redsign.daysarticle2 (4.1.2)<br>* Исправление ошибок
2019-04-18 18:10:19 -  - exec CUpdateClientPartner::LoadModulesUpdates
2019-04-18 18:10:19 -  - exec CUpdateClientPartner::__CollectRequestData
2019-04-18 18:10:19 -  - utf=N&lang=ru&stable=Y&CANGZIP=Y&SUPD_DBS=MYSQL&XE=N&CLIENT_SITE=ci14500-bitrix.tw1.ru&LICENSE_KEY=X&SUPD_STS=1&SUPD_URS=0&SUPD_URSA=1&TYPENC=D&CLIENT_PHPVER=7.1.26&NGINX=Y&dbv=5.6.39&instm=main%2C18.1.5%2CY%3Bseo%2C18.5.0%2CN%3Bbitrix.eshop%2C18.0.0%2CN%3Bclouds%2C18.0.0%2CN%3Bhighloadblock%2C18.5.0%2CN%3Bsale%2C18.5.6%2CN%3Bcompression%2C16.0.0%2CN%3Bvote%2C17.5.1%2CN%3Btranslate%2C16.5.0%2CN%3Bconversion%2C17.5.0%2CN%3Bblog%2C18.1.0%2CN%3Bsearch%2C18.5.0%2CN%3Biblock%2C18.5.4%2CN%3Bbitrixcloud%2C18.5.0%2CN%3Bmessageservice%2C18.0.0%2CN%3Bphotogallery%2C18.0.0%2CN%3Bpull%2C17.5.5%2CN%3Bscale%2C17.5.0%2CN%3Bui%2C18.0.3%2CN%3Bsecurity%2C18.5.0%2CN%3Bforum%2C18.0.3%2CN%3Beshopapp%2C16.5.0%2CN%3Bmobileapp%2C18.0.2%2CN%3Bsubscribe%2C18.5.0%2CN%3Bstoreassist%2C18.1.0%2CN%3Brest%2C18.5.2%2CN%3Bcurrency%2C18.5.0%2CN%3Blanding%2C18.5.9%2CN%3Bredsign.daysarticle2%2C4.1.2%2CN%3Bbitrix.sitecorporate%2C15.5.0%2CN%3Bform%2C18.0.0%2CN%3Babtest%2C17.5.0%2CN%3Bperfmon%2C18.5.0%2CN%3Bfileman%2C18.0.4%2CN%3Breport%2C18.0.7%2CN%3Bsender%2C18.1.3%2CN%3Bb24connector%2C18.0.0%2CN%3Bsocialservices%2C18.0.3%2CN%3Bcatalog%2C18.5.5%2CN&reqm=redsign.daysarticle2&lim=Y&SUPD_SRS=RU&SUPD_CMP=N
2019-04-18 18:10:19 -  - exec CUpdateClientPartner::GetHTTPPage
2019-04-18 18:10:20 -  - TIME LoadModulesUpdates(request) 0.281 sec
2019-04-18 18:10:20 -  - exec CUpdateClientPartner::ParseServerData
2019-04-18 18:10:20 - S - STEP
2019-04-18 18:10:20 - LMU01 - LoadModulesUpdates-Step
2019-04-18 18:10:20 -  - exec CUpdateClientPartner::LoadModulesUpdates
2019-04-18 18:10:20 -  - exec CUpdateClientPartner::ParseServerData
2019-04-18 18:10:20 -  - loadFile
2019-04-18 18:10:20 - U - RETURN
2019-04-18 18:10:20 -  - exec CUpdateClientPartner::UnGzipArchive
2019-04-18 18:10:20 -  - TIME UnGzipArchive 0.001 sec
2019-04-18 18:10:20 - CSURUS1 - Run updater '/bitrix/updates/update_m1555600220/redsign.daysarticle2/updater4.2.0.php'
2019-04-18 18:10:20 -  - TIME UpdateStepModules 0.002 sec
2019-04-18 18:10:20 - UPD_SUCCESS - Updated: redsign.daysarticle2 (4.2.0)<br>* Изменена логика работы под Битрикс 17.0
2019-04-18 18:10:20 -  - exec CUpdateClientPartner::LoadModulesUpdates
2019-04-18 18:10:20 -  - exec CUpdateClientPartner::__CollectRequestData
2019-04-18 18:10:20 -  - utf=N&lang=ru&stable=Y&CANGZIP=Y&SUPD_DBS=MYSQL&XE=N&CLIENT_SITE=ci14500-bitrix.tw1.ru&LICENSE_KEY=X&SUPD_STS=1&SUPD_URS=0&SUPD_URSA=1&TYPENC=D&CLIENT_PHPVER=7.1.26&NGINX=Y&dbv=5.6.39&instm=main%2C18.1.5%2CY%3Bseo%2C18.5.0%2CN%3Bbitrix.eshop%2C18.0.0%2CN%3Bclouds%2C18.0.0%2CN%3Bhighloadblock%2C18.5.0%2CN%3Bsale%2C18.5.6%2CN%3Bcompression%2C16.0.0%2CN%3Bvote%2C17.5.1%2CN%3Btranslate%2C16.5.0%2CN%3Bconversion%2C17.5.0%2CN%3Bblog%2C18.1.0%2CN%3Bsearch%2C18.5.0%2CN%3Biblock%2C18.5.4%2CN%3Bbitrixcloud%2C18.5.0%2CN%3Bmessageservice%2C18.0.0%2CN%3Bphotogallery%2C18.0.0%2CN%3Bpull%2C17.5.5%2CN%3Bscale%2C17.5.0%2CN%3Bui%2C18.0.3%2CN%3Bsecurity%2C18.5.0%2CN%3Bforum%2C18.0.3%2CN%3Beshopapp%2C16.5.0%2CN%3Bmobileapp%2C18.0.2%2CN%3Bsubscribe%2C18.5.0%2CN%3Bstoreassist%2C18.1.0%2CN%3Brest%2C18.5.2%2CN%3Bcurrency%2C18.5.0%2CN%3Blanding%2C18.5.9%2CN%3Bredsign.daysarticle2%2C4.2.0%2CN%3Bbitrix.sitecorporate%2C15.5.0%2CN%3Bform%2C18.0.0%2CN%3Babtest%2C17.5.0%2CN%3Bperfmon%2C18.5.0%2CN%3Bfileman%2C18.0.4%2CN%3Breport%2C18.0.7%2CN%3Bsender%2C18.1.3%2CN%3Bb24connector%2C18.0.0%2CN%3Bsocialservices%2C18.0.3%2CN%3Bcatalog%2C18.5.5%2CN&reqm=redsign.daysarticle2&lim=Y&SUPD_SRS=RU&SUPD_CMP=N
2019-04-18 18:10:20 -  - exec CUpdateClientPartner::GetHTTPPage
2019-04-18 18:10:20 -  - TIME LoadModulesUpdates(request) 0.292 sec
2019-04-18 18:10:20 -  - exec CUpdateClientPartner::ParseServerData
2019-04-18 18:10:20 - S - STEP
2019-04-18 18:10:20 - LMU01 - LoadModulesUpdates-Step
2019-04-18 18:10:20 -  - exec CUpdateClientPartner::LoadModulesUpdates
2019-04-18 18:10:20 -  - exec CUpdateClientPartner::ParseServerData
2019-04-18 18:10:20 -  - loadFile
2019-04-18 18:10:20 - U - RETURN
2019-04-18 18:10:20 -  - exec CUpdateClientPartner::UnGzipArchive
2019-04-18 18:10:20 -  - TIME UnGzipArchive 0.001 sec
2019-04-18 18:10:20 - CSURUS1 - Run updater '/bitrix/updates/update_m1555600220/redsign.daysarticle2/updater4.2.1.php'
2019-04-18 18:10:20 -  - TIME UpdateStepModules 0.002 sec
2019-04-18 18:10:20 - UPD_SUCCESS - Updated: redsign.daysarticle2 (4.2.1)<br>* Изменена логика работы под Битрикс 17.0
2019-04-18 18:10:20 -  - exec CUpdateClientPartner::LoadModulesUpdates
2019-04-18 18:10:20 -  - exec CUpdateClientPartner::__CollectRequestData
2019-04-18 18:10:20 -  - utf=N&lang=ru&stable=Y&CANGZIP=Y&SUPD_DBS=MYSQL&XE=N&CLIENT_SITE=ci14500-bitrix.tw1.ru&LICENSE_KEY=X&SUPD_STS=1&SUPD_URS=0&SUPD_URSA=1&TYPENC=D&CLIENT_PHPVER=7.1.26&NGINX=Y&dbv=5.6.39&instm=main%2C18.1.5%2CY%3Bseo%2C18.5.0%2CN%3Bbitrix.eshop%2C18.0.0%2CN%3Bclouds%2C18.0.0%2CN%3Bhighloadblock%2C18.5.0%2CN%3Bsale%2C18.5.6%2CN%3Bcompression%2C16.0.0%2CN%3Bvote%2C17.5.1%2CN%3Btranslate%2C16.5.0%2CN%3Bconversion%2C17.5.0%2CN%3Bblog%2C18.1.0%2CN%3Bsearch%2C18.5.0%2CN%3Biblock%2C18.5.4%2CN%3Bbitrixcloud%2C18.5.0%2CN%3Bmessageservice%2C18.0.0%2CN%3Bphotogallery%2C18.0.0%2CN%3Bpull%2C17.5.5%2CN%3Bscale%2C17.5.0%2CN%3Bui%2C18.0.3%2CN%3Bsecurity%2C18.5.0%2CN%3Bforum%2C18.0.3%2CN%3Beshopapp%2C16.5.0%2CN%3Bmobileapp%2C18.0.2%2CN%3Bsubscribe%2C18.5.0%2CN%3Bstoreassist%2C18.1.0%2CN%3Brest%2C18.5.2%2CN%3Bcurrency%2C18.5.0%2CN%3Blanding%2C18.5.9%2CN%3Bredsign.daysarticle2%2C4.2.1%2CN%3Bbitrix.sitecorporate%2C15.5.0%2CN%3Bform%2C18.0.0%2CN%3Babtest%2C17.5.0%2CN%3Bperfmon%2C18.5.0%2CN%3Bfileman%2C18.0.4%2CN%3Breport%2C18.0.7%2CN%3Bsender%2C18.1.3%2CN%3Bb24connector%2C18.0.0%2CN%3Bsocialservices%2C18.0.3%2CN%3Bcatalog%2C18.5.5%2CN&reqm=redsign.daysarticle2&lim=Y&SUPD_SRS=RU&SUPD_CMP=N
2019-04-18 18:10:20 -  - exec CUpdateClientPartner::GetHTTPPage
2019-04-18 18:10:21 -  - TIME LoadModulesUpdates(request) 0.309 sec
2019-04-18 18:10:21 -  - exec CUpdateClientPartner::ParseServerData
2019-04-18 18:10:21 - S - STEP
2019-04-18 18:10:21 - LMU01 - LoadModulesUpdates-Step
2019-04-18 18:10:21 -  - exec CUpdateClientPartner::LoadModulesUpdates
2019-04-18 18:10:21 -  - exec CUpdateClientPartner::ParseServerData
2019-04-18 18:10:21 -  - loadFile
2019-04-18 18:10:21 - U - RETURN
2019-04-18 18:10:21 -  - exec CUpdateClientPartner::UnGzipArchive
2019-04-18 18:10:21 -  - TIME UnGzipArchive 0.001 sec
2019-04-18 18:10:21 - CSURUS1 - Run updater '/bitrix/updates/update_m1555600221/redsign.daysarticle2/updater4.2.2.php'
2019-04-18 18:10:21 -  - TIME UpdateStepModules 0.001 sec
2019-04-18 18:10:21 - UPD_SUCCESS - Updated: redsign.daysarticle2 (4.2.2)<br>* Изменена логика работы под Битрикс 17.0
2019-04-18 18:10:21 -  - exec CUpdateClientPartner::LoadModulesUpdates
2019-04-18 18:10:21 -  - exec CUpdateClientPartner::__CollectRequestData
2019-04-18 18:10:21 -  - utf=N&lang=ru&stable=Y&CANGZIP=Y&SUPD_DBS=MYSQL&XE=N&CLIENT_SITE=ci14500-bitrix.tw1.ru&LICENSE_KEY=X&SUPD_STS=1&SUPD_URS=0&SUPD_URSA=1&TYPENC=D&CLIENT_PHPVER=7.1.26&NGINX=Y&dbv=5.6.39&instm=main%2C18.1.5%2CY%3Bseo%2C18.5.0%2CN%3Bbitrix.eshop%2C18.0.0%2CN%3Bclouds%2C18.0.0%2CN%3Bhighloadblock%2C18.5.0%2CN%3Bsale%2C18.5.6%2CN%3Bcompression%2C16.0.0%2CN%3Bvote%2C17.5.1%2CN%3Btranslate%2C16.5.0%2CN%3Bconversion%2C17.5.0%2CN%3Bblog%2C18.1.0%2CN%3Bsearch%2C18.5.0%2CN%3Biblock%2C18.5.4%2CN%3Bbitrixcloud%2C18.5.0%2CN%3Bmessageservice%2C18.0.0%2CN%3Bphotogallery%2C18.0.0%2CN%3Bpull%2C17.5.5%2CN%3Bscale%2C17.5.0%2CN%3Bui%2C18.0.3%2CN%3Bsecurity%2C18.5.0%2CN%3Bforum%2C18.0.3%2CN%3Beshopapp%2C16.5.0%2CN%3Bmobileapp%2C18.0.2%2CN%3Bsubscribe%2C18.5.0%2CN%3Bstoreassist%2C18.1.0%2CN%3Brest%2C18.5.2%2CN%3Bcurrency%2C18.5.0%2CN%3Blanding%2C18.5.9%2CN%3Bredsign.daysarticle2%2C4.2.2%2CN%3Bbitrix.sitecorporate%2C15.5.0%2CN%3Bform%2C18.0.0%2CN%3Babtest%2C17.5.0%2CN%3Bperfmon%2C18.5.0%2CN%3Bfileman%2C18.0.4%2CN%3Breport%2C18.0.7%2CN%3Bsender%2C18.1.3%2CN%3Bb24connector%2C18.0.0%2CN%3Bsocialservices%2C18.0.3%2CN%3Bcatalog%2C18.5.5%2CN&reqm=redsign.daysarticle2&lim=Y&SUPD_SRS=RU&SUPD_CMP=N
2019-04-18 18:10:21 -  - exec CUpdateClientPartner::GetHTTPPage
2019-04-18 18:10:21 -  - TIME LoadModulesUpdates(request) 0.298 sec
2019-04-18 18:10:21 -  - exec CUpdateClientPartner::ParseServerData
2019-04-18 18:10:21 - S - STEP
2019-04-18 18:10:21 - LMU01 - LoadModulesUpdates-Step
2019-04-18 18:10:21 -  - exec CUpdateClientPartner::LoadModulesUpdates
2019-04-18 18:10:21 -  - exec CUpdateClientPartner::ParseServerData
2019-04-18 18:10:21 -  - loadFile
2019-04-18 18:10:21 - U - RETURN
2019-04-18 18:10:21 -  - exec CUpdateClientPartner::UnGzipArchive
2019-04-18 18:10:21 -  - TIME UnGzipArchive 0.001 sec
2019-04-18 18:10:21 - CSURUS1 - Run updater '/bitrix/updates/update_m1555600221/redsign.daysarticle2/updater4.2.5.php'
2019-04-18 18:10:21 -  - TIME UpdateStepModules 0.001 sec
2019-04-18 18:10:21 - UPD_SUCCESS - Updated: redsign.daysarticle2 (4.2.5)<br><ul> <li>Исправление мелких ошибок</li> </ul> <br> Перед установкой обновления выполните полное резервное копирование сайта. В противном случае есть риск потери доработок или изменений сайта. 
2019-04-18 18:10:22 -  - exec CUpdateClientPartner::LoadModulesUpdates
2019-04-18 18:10:22 -  - exec CUpdateClientPartner::__CollectRequestData
2019-04-18 18:10:22 -  - utf=N&lang=ru&stable=Y&CANGZIP=Y&SUPD_DBS=MYSQL&XE=N&CLIENT_SITE=ci14500-bitrix.tw1.ru&LICENSE_KEY=X&SUPD_STS=1&SUPD_URS=0&SUPD_URSA=1&TYPENC=D&CLIENT_PHPVER=7.1.26&NGINX=Y&dbv=5.6.39&instm=main%2C18.1.5%2CY%3Bseo%2C18.5.0%2CN%3Bbitrix.eshop%2C18.0.0%2CN%3Bclouds%2C18.0.0%2CN%3Bhighloadblock%2C18.5.0%2CN%3Bsale%2C18.5.6%2CN%3Bcompression%2C16.0.0%2CN%3Bvote%2C17.5.1%2CN%3Btranslate%2C16.5.0%2CN%3Bconversion%2C17.5.0%2CN%3Bblog%2C18.1.0%2CN%3Bsearch%2C18.5.0%2CN%3Biblock%2C18.5.4%2CN%3Bbitrixcloud%2C18.5.0%2CN%3Bmessageservice%2C18.0.0%2CN%3Bphotogallery%2C18.0.0%2CN%3Bpull%2C17.5.5%2CN%3Bscale%2C17.5.0%2CN%3Bui%2C18.0.3%2CN%3Bsecurity%2C18.5.0%2CN%3Bforum%2C18.0.3%2CN%3Beshopapp%2C16.5.0%2CN%3Bmobileapp%2C18.0.2%2CN%3Bsubscribe%2C18.5.0%2CN%3Bstoreassist%2C18.1.0%2CN%3Brest%2C18.5.2%2CN%3Bcurrency%2C18.5.0%2CN%3Blanding%2C18.5.9%2CN%3Bredsign.daysarticle2%2C4.2.5%2CN%3Bbitrix.sitecorporate%2C15.5.0%2CN%3Bform%2C18.0.0%2CN%3Babtest%2C17.5.0%2CN%3Bperfmon%2C18.5.0%2CN%3Bfileman%2C18.0.4%2CN%3Breport%2C18.0.7%2CN%3Bsender%2C18.1.3%2CN%3Bb24connector%2C18.0.0%2CN%3Bsocialservices%2C18.0.3%2CN%3Bcatalog%2C18.5.5%2CN&reqm=redsign.daysarticle2&lim=Y&SUPD_SRS=RU&SUPD_CMP=N
2019-04-18 18:10:22 -  - exec CUpdateClientPartner::GetHTTPPage
2019-04-18 18:10:22 -  - TIME LoadModulesUpdates(request) 0.289 sec
2019-04-18 18:10:22 -  - exec CUpdateClientPartner::ParseServerData
2019-04-18 18:10:22 - STEP - Finish - NOUPDATES
2019-04-18 18:10:22 - STEP - Finish - NOUPDATES
2019-04-18 18:11:25 -  - exec CUpdateClientPartner::GetUpdatesList
2019-04-18 18:11:25 -  - exec CUpdateClientPartner::__CollectRequestData
2019-04-18 18:11:25 -  - utf=N&lang=ru&stable=Y&CANGZIP=Y&SUPD_DBS=MYSQL&XE=N&CLIENT_SITE=ci14500-bitrix.tw1.ru&LICENSE_KEY=X&SUPD_STS=1&SUPD_URS=0&SUPD_URSA=1&TYPENC=D&CLIENT_PHPVER=7.1.26&NGINX=Y&dbv=5.6.39&instm=main%2C18.1.5%2CY%3Bseo%2C18.5.0%2CN%3Bbitrix.eshop%2C18.0.0%2CN%3Bclouds%2C18.0.0%2CN%3Bhighloadblock%2C18.5.0%2CN%3Bsale%2C18.5.6%2CN%3Bcompression%2C16.0.0%2CN%3Bvote%2C17.5.1%2CN%3Btranslate%2C16.5.0%2CN%3Bconversion%2C17.5.0%2CN%3Bblog%2C18.1.0%2CN%3Bsearch%2C18.5.0%2CN%3Biblock%2C18.5.4%2CN%3Bbitrixcloud%2C18.5.0%2CN%3Bmessageservice%2C18.0.0%2CN%3Bphotogallery%2C18.0.0%2CN%3Bpull%2C17.5.5%2CN%3Bscale%2C17.5.0%2CN%3Bui%2C18.0.3%2CN%3Bsecurity%2C18.5.0%2CN%3Bforum%2C18.0.3%2CN%3Beshopapp%2C16.5.0%2CN%3Bmobileapp%2C18.0.2%2CN%3Bsubscribe%2C18.5.0%2CN%3Bstoreassist%2C18.1.0%2CN%3Brest%2C18.5.2%2CN%3Bcurrency%2C18.5.0%2CN%3Blanding%2C18.5.9%2CN%3Bredsign.daysarticle2%2C4.2.5%2CN%3Bbitrix.sitecorporate%2C15.5.0%2CN%3Bform%2C18.0.0%2CN%3Babtest%2C17.5.0%2CN%3Bperfmon%2C18.5.0%2CN%3Bfileman%2C18.0.4%2CN%3Breport%2C18.0.7%2CN%3Bsender%2C18.1.3%2CN%3Bb24connector%2C18.0.0%2CN%3Bsocialservices%2C18.0.3%2CN%3Bcatalog%2C18.5.5%2CN&reqm=bitrix.eshop%2Credsign.daysarticle2%2Cbitrix.sitecorporate&fullmoduleinfo=Y&SUPD_SRS=RU&SUPD_CMP=N
2019-04-18 18:11:25 -  - exec CUpdateClientPartner::GetHTTPPage
2019-04-18 18:11:25 -  - TIME GetUpdatesList(request) 0.23 sec
2019-04-18 18:11:25 -  - exec CUpdateClientPartner::ParseServerData
2019-04-18 18:13:32 -  - exec CUpdateClientPartner::GetUpdatesList
2019-04-18 18:13:32 -  - exec CUpdateClientPartner::__CollectRequestData
2019-04-18 18:13:32 -  - utf=N&lang=ru&stable=Y&CANGZIP=Y&SUPD_DBS=MYSQL&XE=N&CLIENT_SITE=ci14500-bitrix.tw1.ru&LICENSE_KEY=X&SUPD_STS=1&SUPD_URS=0&SUPD_URSA=1&TYPENC=D&CLIENT_PHPVER=7.1.26&NGINX=Y&dbv=5.6.39&instm=main%2C18.1.5%2CY%3Bseo%2C18.5.0%2CN%3Bbitrix.eshop%2C18.0.0%2CN%3Bclouds%2C18.0.0%2CN%3Bhighloadblock%2C18.5.0%2CN%3Bsale%2C18.5.6%2CN%3Bcompression%2C16.0.0%2CN%3Bvote%2C17.5.1%2CN%3Btranslate%2C16.5.0%2CN%3Bconversion%2C17.5.0%2CN%3Bblog%2C18.1.0%2CN%3Bsearch%2C18.5.0%2CN%3Biblock%2C18.5.4%2CN%3Bbitrixcloud%2C18.5.0%2CN%3Bmessageservice%2C18.0.0%2CN%3Bphotogallery%2C18.0.0%2CN%3Bpull%2C17.5.5%2CN%3Bscale%2C17.5.0%2CN%3Bui%2C18.0.3%2CN%3Bsecurity%2C18.5.0%2CN%3Bforum%2C18.0.3%2CN%3Beshopapp%2C16.5.0%2CN%3Bmobileapp%2C18.0.2%2CN%3Bsubscribe%2C18.5.0%2CN%3Bstoreassist%2C18.1.0%2CN%3Brest%2C18.5.2%2CN%3Bcurrency%2C18.5.0%2CN%3Blanding%2C18.5.9%2CN%3Bredsign.daysarticle2%2C4.2.5%2CN%3Bbitrix.sitecorporate%2C15.5.0%2CN%3Bform%2C18.0.0%2CN%3Babtest%2C17.5.0%2CN%3Bperfmon%2C18.5.0%2CN%3Bfileman%2C18.0.4%2CN%3Breport%2C18.0.7%2CN%3Bsender%2C18.1.3%2CN%3Bb24connector%2C18.0.0%2CN%3Bsocialservices%2C18.0.3%2CN%3Bcatalog%2C18.5.5%2CN&reqm=bitrix.eshop%2Credsign.daysarticle2%2Cbitrix.sitecorporate&fullmoduleinfo=Y&SUPD_SRS=RU&SUPD_CMP=N
2019-04-18 18:13:32 -  - exec CUpdateClientPartner::GetHTTPPage
2019-04-18 18:13:33 -  - TIME GetUpdatesList(request) 0.328 sec
2019-04-18 18:13:33 -  - exec CUpdateClientPartner::ParseServerData
2019-04-18 18:14:50 -  - exec CUpdateClientPartner::GetUpdatesList
2019-04-18 18:14:50 -  - exec CUpdateClientPartner::__CollectRequestData
2019-04-18 18:14:50 -  - utf=N&lang=ru&stable=Y&CANGZIP=Y&SUPD_DBS=MYSQL&XE=N&CLIENT_SITE=ci14500-bitrix.tw1.ru&LICENSE_KEY=X&SUPD_STS=1&SUPD_URS=0&SUPD_URSA=1&TYPENC=D&CLIENT_PHPVER=7.1.26&NGINX=Y&dbv=5.6.39&instm=main%2C18.1.5%2CY%3Bseo%2C18.5.0%2CN%3Bbitrix.eshop%2C18.0.0%2CN%3Bclouds%2C18.0.0%2CN%3Bhighloadblock%2C18.5.0%2CN%3Bsale%2C18.5.6%2CN%3Bcompression%2C16.0.0%2CN%3Bvote%2C17.5.1%2CN%3Btranslate%2C16.5.0%2CN%3Bconversion%2C17.5.0%2CN%3Bblog%2C18.1.0%2CN%3Bsearch%2C18.5.0%2CN%3Biblock%2C18.5.4%2CN%3Bbitrixcloud%2C18.5.0%2CN%3Bmessageservice%2C18.0.0%2CN%3Bphotogallery%2C18.0.0%2CN%3Bpull%2C17.5.5%2CN%3Bscale%2C17.5.0%2CN%3Bui%2C18.0.3%2CN%3Bsecurity%2C18.5.0%2CN%3Bforum%2C18.0.3%2CN%3Beshopapp%2C16.5.0%2CN%3Bmobileapp%2C18.0.2%2CN%3Bsubscribe%2C18.5.0%2CN%3Bstoreassist%2C18.1.0%2CN%3Brest%2C18.5.2%2CN%3Bcurrency%2C18.5.0%2CN%3Blanding%2C18.5.9%2CN%3Bredsign.daysarticle2%2C4.2.5%2CN%3Bbitrix.sitecorporate%2C15.5.0%2CN%3Bform%2C18.0.0%2CN%3Babtest%2C17.5.0%2CN%3Bperfmon%2C18.5.0%2CN%3Bfileman%2C18.0.4%2CN%3Breport%2C18.0.7%2CN%3Bsender%2C18.1.3%2CN%3Bb24connector%2C18.0.0%2CN%3Bsocialservices%2C18.0.3%2CN%3Bcatalog%2C18.5.5%2CN&reqm=bitrix.eshop%2Credsign.daysarticle2%2Cbitrix.sitecorporate&fullmoduleinfo=Y&SUPD_SRS=RU&SUPD_CMP=N
2019-04-18 18:14:50 -  - exec CUpdateClientPartner::GetHTTPPage
2019-04-18 18:14:50 -  - TIME GetUpdatesList(request) 0.326 sec
2019-04-18 18:14:50 -  - exec CUpdateClientPartner::ParseServerData
2019-04-18 18:20:03 -  - exec CUpdateClientPartner::GetUpdatesList
2019-04-18 18:20:03 -  - exec CUpdateClientPartner::__CollectRequestData
2019-04-18 18:20:03 -  - utf=N&lang=ru&stable=Y&CANGZIP=Y&SUPD_DBS=MYSQL&XE=N&CLIENT_SITE=ci14500-bitrix.tw1.ru&LICENSE_KEY=X&SUPD_STS=1&SUPD_URS=0&SUPD_URSA=1&TYPENC=D&CLIENT_PHPVER=7.1.26&NGINX=Y&dbv=5.6.39&instm=main%2C18.1.8%2CY%3Bseo%2C18.5.0%2CN%3Bbitrix.eshop%2C18.0.0%2CN%3Bclouds%2C18.0.0%2CN%3Bhighloadblock%2C18.5.0%2CN%3Bsale%2C18.5.6%2CN%3Bcompression%2C16.0.0%2CN%3Bvote%2C17.5.1%2CN%3Btranslate%2C16.5.0%2CN%3Bconversion%2C17.5.0%2CN%3Bblog%2C18.1.0%2CN%3Bsearch%2C18.5.0%2CN%3Biblock%2C18.6.2%2CN%3Bbitrixcloud%2C18.5.0%2CN%3Bmessageservice%2C18.0.0%2CN%3Bphotogallery%2C18.0.0%2CN%3Bpull%2C17.5.5%2CN%3Bscale%2C17.5.0%2CN%3Bui%2C18.0.3%2CN%3Bsecurity%2C18.5.0%2CN%3Bforum%2C18.0.4%2CN%3Beshopapp%2C16.5.0%2CN%3Bmobileapp%2C18.0.2%2CN%3Bsubscribe%2C18.5.0%2CN%3Bstoreassist%2C18.1.0%2CN%3Brest%2C18.5.2%2CN%3Bcurrency%2C18.5.0%2CN%3Blanding%2C18.5.9%2CN%3Bredsign.daysarticle2%2C4.2.5%2CN%3Bbitrix.sitecorporate%2C15.5.0%2CN%3Bform%2C18.0.0%2CN%3Babtest%2C17.5.0%2CN%3Bperfmon%2C18.5.0%2CN%3Bfileman%2C18.5.350%2CN%3Breport%2C18.0.7%2CN%3Bsender%2C18.1.3%2CN%3Bb24connector%2C18.0.0%2CN%3Bsocialservices%2C18.0.3%2CN%3Bcatalog%2C18.5.5%2CN&reqm=bitrix.eshop%2Credsign.daysarticle2%2Cbitrix.sitecorporate&fullmoduleinfo=Y&SUPD_SRS=RU&SUPD_CMP=N
2019-04-18 18:20:03 -  - exec CUpdateClientPartner::GetHTTPPage
2019-04-18 18:20:04 -  - TIME GetUpdatesList(request) 0.327 sec
2019-04-18 18:20:04 -  - exec CUpdateClientPartner::ParseServerData
2019-04-18 18:20:07 -  - exec CUpdateClientPartner::GetUpdatesList
2019-04-18 18:20:07 -  - exec CUpdateClientPartner::__CollectRequestData
2019-04-18 18:20:07 -  - utf=N&lang=ru&stable=Y&CANGZIP=Y&SUPD_DBS=MYSQL&XE=N&CLIENT_SITE=ci14500-bitrix.tw1.ru&LICENSE_KEY=X&SUPD_STS=1&SUPD_URS=0&SUPD_URSA=1&TYPENC=D&CLIENT_PHPVER=7.1.26&NGINX=Y&dbv=5.6.39&instm=main%2C18.1.8%2CY%3Bseo%2C18.5.0%2CN%3Bbitrix.eshop%2C18.0.0%2CN%3Bclouds%2C18.0.0%2CN%3Bhighloadblock%2C18.5.0%2CN%3Bsale%2C18.5.6%2CN%3Bcompression%2C16.0.0%2CN%3Bvote%2C17.5.1%2CN%3Btranslate%2C18.0.0%2CN%3Bconversion%2C17.5.0%2CN%3Bblog%2C18.1.0%2CN%3Bsearch%2C18.5.200%2CN%3Biblock%2C18.6.100%2CN%3Bbitrixcloud%2C18.5.0%2CN%3Bmessageservice%2C18.0.0%2CN%3Bphotogallery%2C18.0.0%2CN%3Bpull%2C17.5.5%2CN%3Bscale%2C17.5.0%2CN%3Bui%2C18.0.3%2CN%3Bsecurity%2C18.5.0%2CN%3Bforum%2C18.0.4%2CN%3Beshopapp%2C16.5.0%2CN%3Bmobileapp%2C18.0.2%2CN%3Bsubscribe%2C18.5.0%2CN%3Bstoreassist%2C18.1.0%2CN%3Brest%2C18.5.2%2CN%3Bcurrency%2C18.5.0%2CN%3Blanding%2C18.5.9%2CN%3Bredsign.daysarticle2%2C4.2.5%2CN%3Bbitrix.sitecorporate%2C15.5.0%2CN%3Bform%2C18.0.0%2CN%3Babtest%2C17.5.0%2CN%3Bperfmon%2C18.5.0%2CN%3Bfileman%2C18.5.350%2CN%3Breport%2C18.0.7%2CN%3Bsender%2C18.1.3%2CN%3Bb24connector%2C18.0.0%2CN%3Bsocialservices%2C18.0.3%2CN%3Bcatalog%2C18.5.5%2CN&reqm=bitrix.eshop%2Credsign.daysarticle2%2Cbitrix.sitecorporate&fullmoduleinfo=Y&SUPD_SRS=RU&SUPD_CMP=N
2019-04-18 18:20:07 -  - exec CUpdateClientPartner::GetHTTPPage
2019-04-18 18:20:07 -  - TIME GetUpdatesList(request) 0.29 sec
2019-04-18 18:20:07 -  - exec CUpdateClientPartner::ParseServerData
2019-04-18 18:20:10 -  - exec CUpdateClientPartner::GetUpdatesList
2019-04-18 18:20:10 -  - exec CUpdateClientPartner::__CollectRequestData
2019-04-18 18:20:10 -  - utf=N&lang=ru&stable=Y&CANGZIP=Y&SUPD_DBS=MYSQL&XE=N&CLIENT_SITE=ci14500-bitrix.tw1.ru&LICENSE_KEY=X&SUPD_STS=1&SUPD_URS=0&SUPD_URSA=1&TYPENC=D&CLIENT_PHPVER=7.1.26&NGINX=Y&dbv=5.6.39&instm=main%2C18.1.8%2CY%3Bseo%2C18.5.0%2CN%3Bbitrix.eshop%2C18.0.0%2CN%3Bclouds%2C18.0.0%2CN%3Bhighloadblock%2C18.5.0%2CN%3Bsale%2C18.5.7%2CN%3Bcompression%2C16.0.0%2CN%3Bvote%2C17.5.1%2CN%3Btranslate%2C18.0.0%2CN%3Bconversion%2C17.5.0%2CN%3Bblog%2C18.1.0%2CN%3Bsearch%2C18.5.200%2CN%3Biblock%2C18.6.100%2CN%3Bbitrixcloud%2C18.5.0%2CN%3Bmessageservice%2C18.0.0%2CN%3Bphotogallery%2C18.0.0%2CN%3Bpull%2C17.5.5%2CN%3Bscale%2C17.5.0%2CN%3Bui%2C18.0.3%2CN%3Bsecurity%2C18.5.0%2CN%3Bforum%2C18.0.4%2CN%3Beshopapp%2C16.5.0%2CN%3Bmobileapp%2C18.0.2%2CN%3Bsubscribe%2C18.5.0%2CN%3Bstoreassist%2C18.1.0%2CN%3Brest%2C18.5.2%2CN%3Bcurrency%2C18.5.0%2CN%3Blanding%2C18.5.9%2CN%3Bredsign.daysarticle2%2C4.2.5%2CN%3Bbitrix.sitecorporate%2C15.5.0%2CN%3Bform%2C18.0.0%2CN%3Babtest%2C17.5.0%2CN%3Bperfmon%2C18.5.0%2CN%3Bfileman%2C18.5.350%2CN%3Breport%2C18.0.7%2CN%3Bsender%2C18.1.3%2CN%3Bb24connector%2C18.0.0%2CN%3Bsocialservices%2C18.0.3%2CN%3Bcatalog%2C18.6.1%2CN&reqm=bitrix.eshop%2Credsign.daysarticle2%2Cbitrix.sitecorporate&fullmoduleinfo=Y&SUPD_SRS=RU&SUPD_CMP=N
2019-04-18 18:20:10 -  - exec CUpdateClientPartner::GetHTTPPage
2019-04-18 18:20:10 -  - TIME GetUpdatesList(request) 0.292 sec
2019-04-18 18:20:10 -  - exec CUpdateClientPartner::ParseServerData
2019-04-18 18:20:58 -  - exec CUpdateClientPartner::GetUpdatesList
2019-04-18 18:20:58 -  - exec CUpdateClientPartner::__CollectRequestData
2019-04-18 18:20:58 -  - utf=N&lang=ru&stable=Y&CANGZIP=Y&SUPD_DBS=MYSQL&XE=N&CLIENT_SITE=ci14500-bitrix.tw1.ru&LICENSE_KEY=X&SUPD_STS=1&SUPD_URS=0&SUPD_URSA=1&TYPENC=D&CLIENT_PHPVER=7.1.26&NGINX=Y&dbv=5.6.39&instm=main%2C18.1.8%2CY%3Bseo%2C18.6.100%2CN%3Bbitrix.eshop%2C18.0.0%2CN%3Bclouds%2C18.0.0%2CN%3Bhighloadblock%2C18.5.1%2CN%3Bsale%2C18.5.10%2CN%3Bcompression%2C16.0.0%2CN%3Bvote%2C17.5.1%2CN%3Btranslate%2C18.0.0%2CN%3Bconversion%2C17.5.0%2CN%3Bblog%2C18.1.0%2CN%3Bsearch%2C18.5.200%2CN%3Biblock%2C18.6.100%2CN%3Bbitrixcloud%2C18.5.0%2CN%3Bmessageservice%2C18.0.3%2CN%3Bphotogallery%2C18.0.0%2CN%3Bpull%2C18.5.7%2CN%3Bscale%2C17.5.0%2CN%3Bui%2C18.5.3%2CN%3Bsecurity%2C18.5.0%2CN%3Bforum%2C18.0.4%2CN%3Beshopapp%2C16.5.0%2CN%3Bmobileapp%2C18.5.100%2CN%3Bsubscribe%2C18.5.0%2CN%3Bstoreassist%2C18.1.0%2CN%3Brest%2C18.5.6%2CN%3Bcurrency%2C18.5.1%2CN%3Blanding%2C18.6.0%2CN%3Bredsign.daysarticle2%2C4.2.5%2CN%3Bbitrix.sitecorporate%2C15.5.0%2CN%3Bform%2C18.0.0%2CN%3Babtest%2C17.5.0%2CN%3Bperfmon%2C18.5.0%2CN%3Bfileman%2C18.5.350%2CN%3Breport%2C18.1.0%2CN%3Bsender%2C18.5.3%2CN%3Bb24connector%2C18.0.1%2CN%3Bsocialservices%2C18.5.100%2CN%3Bcatalog%2C18.6.1%2CN&reqm=bitrix.eshop%2Credsign.daysarticle2%2Cbitrix.sitecorporate&fullmoduleinfo=Y&SUPD_SRS=RU&SUPD_CMP=N
2019-04-18 18:20:58 -  - exec CUpdateClientPartner::GetHTTPPage
2019-04-18 18:20:58 -  - TIME GetUpdatesList(request) 0.287 sec
2019-04-18 18:20:58 -  - exec CUpdateClientPartner::ParseServerData
2019-04-18 18:21:00 -  - exec CUpdateClientPartner::GetUpdatesList
2019-04-18 18:21:00 -  - exec CUpdateClientPartner::__CollectRequestData
2019-04-18 18:21:00 -  - utf=N&lang=ru&stable=Y&CANGZIP=Y&SUPD_DBS=MYSQL&XE=N&CLIENT_SITE=ci14500-bitrix.tw1.ru&LICENSE_KEY=X&SUPD_STS=1&SUPD_URS=0&SUPD_URSA=1&TYPENC=D&CLIENT_PHPVER=7.1.26&NGINX=Y&dbv=5.6.39&instm=main%2C18.1.8%2CY%3Bseo%2C18.6.100%2CN%3Bbitrix.eshop%2C18.0.0%2CN%3Bclouds%2C18.0.0%2CN%3Bhighloadblock%2C18.5.1%2CN%3Bsale%2C18.5.10%2CN%3Bcompression%2C16.0.0%2CN%3Bvote%2C17.5.1%2CN%3Btranslate%2C18.0.0%2CN%3Bconversion%2C17.5.0%2CN%3Bblog%2C18.1.0%2CN%3Bsearch%2C18.5.200%2CN%3Biblock%2C18.6.100%2CN%3Bbitrixcloud%2C18.5.0%2CN%3Bmessageservice%2C18.0.3%2CN%3Bphotogallery%2C18.0.0%2CN%3Bpull%2C18.5.7%2CN%3Bscale%2C17.5.0%2CN%3Bui%2C18.5.3%2CN%3Bsecurity%2C18.5.0%2CN%3Bforum%2C18.0.4%2CN%3Beshopapp%2C16.5.0%2CN%3Bmobileapp%2C18.5.100%2CN%3Bsubscribe%2C18.5.0%2CN%3Bstoreassist%2C18.1.0%2CN%3Brest%2C18.5.6%2CN%3Bcurrency%2C18.5.1%2CN%3Blanding%2C18.6.0%2CN%3Bredsign.daysarticle2%2C4.2.5%2CN%3Bbitrix.sitecorporate%2C15.5.0%2CN%3Bform%2C18.0.0%2CN%3Babtest%2C17.5.0%2CN%3Bperfmon%2C18.5.0%2CN%3Bfileman%2C18.5.350%2CN%3Breport%2C18.1.0%2CN%3Bsender%2C18.5.3%2CN%3Bb24connector%2C18.0.1%2CN%3Bsocialservices%2C18.5.100%2CN%3Bcatalog%2C18.6.1%2CN&reqm=bitrix.eshop%2Credsign.daysarticle2%2Cbitrix.sitecorporate&fullmoduleinfo=Y&SUPD_SRS=RU&SUPD_CMP=N
2019-04-18 18:21:00 -  - exec CUpdateClientPartner::GetHTTPPage
2019-04-18 18:21:00 -  - TIME GetUpdatesList(request) 0.272 sec
2019-04-18 18:21:00 -  - exec CUpdateClientPartner::ParseServerData
