2019-Apr-18 18:18:43 Наличие необходимых модулей php (check_php_modules): Ok
Все необходимые модули установлены
2019-Apr-18 18:18:43 Обязательные параметры PHP (check_php_settings): Ok
Настройки правильные
2019-Apr-18 18:18:43 Модули веб-сервера (check_security): Ok
Конфликтов не выявлено
2019-Apr-18 18:18:43 Значения переменных сервера (check_server_vars): Ok
Корректные
2019-Apr-18 18:18:43 Сохранение сессии (check_session): Ok
50% done
2019-Apr-18 18:18:43 Сохранение сессии (check_session): Ok
Успешно
2019-Apr-18 18:18:43 Параметры настройки UTF (mbstring и константа BX_UTF) (check_mbstring): Ok
Правильные. Сайт работает в однобайтовой кодировке
2019-Apr-18 18:18:43 Служебные скрипты в корне сайта (check_install_scripts): Ok
Отсутствуют
2019-Apr-18 18:18:43 Работа с сокетами (check_socket): Ok
Connection to ci14500-bitrix.tw1.ru:80	Success

Успешно
2019-Apr-18 18:18:43 Выполнение агентов на cron (check_bx_crontab): Warning
Замечание. Агенты выполняются на хитах, рекомендуется перевести выполнение агентов на cron
2019-Apr-18 18:18:43 Параметры подключения к базе данных (check_dbconn_settings): Ok
Успешно
2019-Apr-18 18:18:43 Лишний вывод в файлах конфигурации (check_dbconn): Ok
Connection to ci14500-bitrix.tw1.ru:80	Success

Успешно
2019-Apr-18 18:18:43 Сохранение сессии без UserAgent (check_session_ua): Ok
50% done
Connection to ci14500-bitrix.tw1.ru:80	Success

2019-Apr-18 18:18:43 Сохранение сессии без UserAgent (check_session_ua): Ok
Connection to ci14500-bitrix.tw1.ru:80	Success

Успешно
2019-Apr-18 18:18:43 Настройки сайтов (check_sites): Ok
Правильные
2019-Apr-18 18:18:43 Передача объектов по ссылке (check_clone): Ok
Успешно
2019-Apr-18 18:18:43 Размер стека и pcre.recursion_limit (check_pcre_recursion): Warning
Connection to ci14500-bitrix.tw1.ru:80	Success

Замечание. Возможны проблемы в работе с длинными строками из-за системных ограничений
2019-Apr-18 18:18:44 Загрузка файла (check_upload): Ok
Connection to ci14500-bitrix.tw1.ru:80	Success

Успешно
2019-Apr-18 18:18:44 Загрузка файла больше 4Мб (check_upload_big): Ok
Connection to ci14500-bitrix.tw1.ru:80	Success

Успешно
2019-Apr-18 18:18:44 Загрузка файла через php://input (check_upload_raw): Ok
Connection to ci14500-bitrix.tw1.ru:80	Success

Успешно
2019-Apr-18 18:18:44 Передача POST запроса с большим числом параметров (check_post): Ok
Connection to ci14500-bitrix.tw1.ru:80	Success

Успешно
2019-Apr-18 18:18:44 Отправка почты (check_mail): Fail
Ошибка! Не работает
2019-Apr-18 18:18:44 Отправка почтового сообщения больше 64Кб (check_mail_big): Fail
Ошибка! Не работает
2019-Apr-18 18:18:44 Проверка на наличие неотправленных сообщений (check_mail_b_event): Ok
Успешно
2019-Apr-18 18:18:44 Внутреннее перенаправление (функция LocalRedirect) (check_localredirect): Ok
50% done
Connection to ci14500-bitrix.tw1.ru:80	Success

2019-Apr-18 18:18:44 Внутреннее перенаправление (функция LocalRedirect) (check_localredirect): Ok
Connection to ci14500-bitrix.tw1.ru:80	Success

Успешно
2019-Apr-18 18:18:44 Фактическое ограничение памяти (check_memory_limit): Ok
20% done
Connection to ci14500-bitrix.tw1.ru:80	Success

2019-Apr-18 18:18:44 Фактическое ограничение памяти (check_memory_limit): Ok
40% done
Connection to ci14500-bitrix.tw1.ru:80	Success

2019-Apr-18 18:18:44 Фактическое ограничение памяти (check_memory_limit): Ok
60% done
Connection to ci14500-bitrix.tw1.ru:80	Success

2019-Apr-18 18:18:45 Фактическое ограничение памяти (check_memory_limit): Ok
80% done
Connection to ci14500-bitrix.tw1.ru:80	Success

2019-Apr-18 18:18:45 Фактическое ограничение памяти (check_memory_limit): Ok
Connection to ci14500-bitrix.tw1.ru:80	Success

Не менее 256 М
2019-Apr-18 18:18:45 Работа с файлами кеша (check_cache): Ok
Успешно
2019-Apr-18 18:18:45 Доступ к серверу обновлений (check_update): Ok
Успешно
2019-Apr-18 18:18:45 HTTP авторизация (check_http_auth): Ok
Connection to ci14500-bitrix.tw1.ru:80	Success

Успешно
2019-Apr-18 18:18:45 Создание и запуск файла (check_exec): Ok
Connection to ci14500-bitrix.tw1.ru:80	Success

Успешно
2019-Apr-18 18:18:45 Функция getimagesize для swf (check_getimagesize): Ok
Успешно
2019-Apr-18 18:18:46 Версия MySQL-сервера (check_mysql_bug_version): Ok
Успешно
2019-Apr-18 18:18:47 Время на БД и веб-сервере (check_mysql_time): Ok
Успешно
2019-Apr-18 18:18:47 Режим работы MySQL (check_mysql_mode): Ok
Успешно
2019-Apr-18 18:18:47 Кодировка соединения (check_mysql_connection_charset): Ok
character_set_connection=cp1251, collation_connection=cp1251_general_ci, character_set_results=cp1251
Успешно
2019-Apr-18 18:18:47 Кодировка базы данных (check_mysql_db_charset): Ok
CHARSET=cp1251, COLLATION=cp1251_general_ci
Успешно
2019-Apr-18 18:18:50 Кодировки таблиц в БД (check_mysql_table_charset): Ok
Успешно
2019-Apr-18 18:18:51 Структура базы данных (check_mysql_table_structure): Ok
0% done
2019-Apr-18 18:18:51 Структура базы данных (check_mysql_table_structure): Ok
2% done
2019-Apr-18 18:18:51 Структура базы данных (check_mysql_table_structure): Ok
5% done
2019-Apr-18 18:18:53 Структура базы данных (check_mysql_table_structure): Ok
8% done
2019-Apr-18 18:18:53 Структура базы данных (check_mysql_table_structure): Ok
11% done
2019-Apr-18 18:18:53 Структура базы данных (check_mysql_table_structure): Ok
13% done
2019-Apr-18 18:18:53 Структура базы данных (check_mysql_table_structure): Ok
16% done
2019-Apr-18 18:18:54 Структура базы данных (check_mysql_table_structure): Ok
19% done
2019-Apr-18 18:18:54 Структура базы данных (check_mysql_table_structure): Ok
22% done
2019-Apr-18 18:18:54 Структура базы данных (check_mysql_table_structure): Ok
25% done
2019-Apr-18 18:18:55 Структура базы данных (check_mysql_table_structure): Ok
27% done
2019-Apr-18 18:18:55 Структура базы данных (check_mysql_table_structure): Ok
30% done
2019-Apr-18 18:18:55 Структура базы данных (check_mysql_table_structure): Ok
33% done
2019-Apr-18 18:18:55 Структура базы данных (check_mysql_table_structure): Ok
36% done
2019-Apr-18 18:18:55 Структура базы данных (check_mysql_table_structure): Ok
38% done
2019-Apr-18 18:18:55 Структура базы данных (check_mysql_table_structure): Ok
41% done
2019-Apr-18 18:18:55 Структура базы данных (check_mysql_table_structure): Ok
44% done
2019-Apr-18 18:18:56 Структура базы данных (check_mysql_table_structure): Ok
47% done
2019-Apr-18 18:18:56 Структура базы данных (check_mysql_table_structure): Ok
50% done
2019-Apr-18 18:18:56 Структура базы данных (check_mysql_table_structure): Ok
52% done
2019-Apr-18 18:18:57 Структура базы данных (check_mysql_table_structure): Ok
55% done
2019-Apr-18 18:18:57 Структура базы данных (check_mysql_table_structure): Ok
58% done
2019-Apr-18 18:18:57 Структура базы данных (check_mysql_table_structure): Ok
61% done
2019-Apr-18 18:18:57 Структура базы данных (check_mysql_table_structure): Ok
63% done
2019-Apr-18 18:18:57 Структура базы данных (check_mysql_table_structure): Ok
66% done
2019-Apr-18 18:18:58 Структура базы данных (check_mysql_table_structure): Ok
69% done
2019-Apr-18 18:18:58 Структура базы данных (check_mysql_table_structure): Ok
72% done
2019-Apr-18 18:19:00 Структура базы данных (check_mysql_table_structure): Ok
75% done
Не включен полнотекстовый индекс IXF_B_USER_INDEX_1 (search_user_content) для таблицы b_user_index
Не включен полнотекстовый индекс IXF_B_USER_INDEX_2 (search_department_content) для таблицы b_user_index
Не включен полнотекстовый индекс IXF_B_USER_INDEX_3 (search_admin_content) для таблицы b_user_index

2019-Apr-18 18:19:00 Структура базы данных (check_mysql_table_structure): Ok
77% done
2019-Apr-18 18:19:01 Структура базы данных (check_mysql_table_structure): Ok
80% done
2019-Apr-18 18:19:01 Структура базы данных (check_mysql_table_structure): Ok
83% done
2019-Apr-18 18:19:01 Структура базы данных (check_mysql_table_structure): Ok
86% done
2019-Apr-18 18:19:03 Структура базы данных (check_mysql_table_structure): Ok
88% done
В таблице b_sender_mailing_chain отсутствует индекс IXF_B_SENDER_MAILING_CHAIN_1 (search_content)
Не включен полнотекстовый индекс IXF_B_SENDER_MAILING_CHAIN_1 (search_content) для таблицы b_sender_mailing_chain

2019-Apr-18 18:19:03 Структура базы данных (check_mysql_table_structure): Ok
91% done
2019-Apr-18 18:19:03 Структура базы данных (check_mysql_table_structure): Ok
94% done
2019-Apr-18 18:19:04 Структура базы данных (check_mysql_table_structure): Ok
97% done
2019-Apr-18 18:19:04 Структура базы данных (check_mysql_table_structure): Fail
CREATE FULLTEXT INDEX `IXF_B_SENDER_MAILING_CHAIN_1` ON `b_sender_mailing_chain` (search_content);
Ошибка! Структура базы данных имеет ошибки. Всего 5, автоматически могут быть исправлены: 5. Исправить
